[29 Oct, 2024 - 17:29:29:2929] [31merror[39m: [31mMongoDB connection error:  database names cannot contain the character '/'[39m
[29 Oct, 2024 - 17:29:56:2956] [34minfo[39m: [34m[39m
[34m☘️  MongoDB Connected! Db host: cluster0-shard-00-00.0h3go.mongodb.net[39m
[34m[39m
[29 Oct, 2024 - 17:29:56:2956] [34minfo[39m: [34m📑 Visit the documentation at: http://localhost:8080[39m
[29 Oct, 2024 - 17:29:56:2956] [34minfo[39m: [34m⚙️  Server is running on port: 8080[39m
[29 Oct, 2024 - 17:30:31:3031] [35mhttp[39m: [35m::1 GET / 200 - 2.855 ms[39m
[29 Oct, 2024 - 17:30:31:3031] [35mhttp[39m: [35m::1 GET /swagger-ui.css 200 - 2.975 ms[39m
[29 Oct, 2024 - 17:30:31:3031] [35mhttp[39m: [35m::1 GET /swagger-ui-init.js 200 - 9.272 ms[39m
[29 Oct, 2024 - 17:30:31:3031] [35mhttp[39m: [35m::1 GET /swagger-ui-standalone-preset.js 200 - 13.844 ms[39m
[29 Oct, 2024 - 17:30:31:3031] [35mhttp[39m: [35m::1 GET /swagger-ui-bundle.js 200 - 14.410 ms[39m
[29 Oct, 2024 - 17:30:32:3032] [35mhttp[39m: [35m::1 GET /favicon-32x32.png 200 - 0.581 ms[39m
[29 Oct, 2024 - 17:33:29:3329] [34minfo[39m: [34m[39m
[34m☘️  MongoDB Connected! Db host: cluster0-shard-00-00.0h3go.mongodb.net[39m
[34m[39m
[29 Oct, 2024 - 17:33:29:3329] [34minfo[39m: [34m📑 Visit the documentation at: http://localhost:8080[39m
[29 Oct, 2024 - 17:33:29:3329] [34minfo[39m: [34m⚙️  Server is running on port: 8080[39m
[29 Oct, 2024 - 17:39:03:393] [35mhttp[39m: [35m::1 POST /api/v1/users/register - - - ms[39m
[29 Oct, 2024 - 17:39:04:394] [31merror[39m: [31mEmail service failed silently. Make sure you have provided your MAILTRAP credentials in the .env file[39m
[29 Oct, 2024 - 17:39:04:394] [31merror[39m: [31mError:  getaddrinfo ENOTFOUND __mailtrap_smtp_host__[39m
[29 Oct, 2024 - 17:39:12:3912] [35mhttp[39m: [35m::1 POST /api/v1/users/login 200 - 219.133 ms[39m
[29 Oct, 2024 - 17:39:13:3913] [35mhttp[39m: [35m::1 GET /api/v1/chat-app/chats 200 - 38.859 ms[39m
[29 Oct, 2024 - 17:39:13:3913] [35mhttp[39m: [35m::1 GET /api/v1/chat-app/chats 304 - 36.138 ms[39m
[29 Oct, 2024 - 17:40:00:400] [35mhttp[39m: [35m::1 GET /api/v1/chat-app/chats/users 200 - 43.161 ms[39m
[29 Oct, 2024 - 17:40:08:408] [35mhttp[39m: [35m::1 GET /api/v1/chat-app/chats 304 - 41.885 ms[39m
[29 Oct, 2024 - 17:40:08:408] [35mhttp[39m: [35m::1 GET /api/v1/chat-app/chats 304 - 56.706 ms[39m
[29 Oct, 2024 - 17:40:09:409] [35mhttp[39m: [35m::1 POST /api/v1/users/logout 200 - 47.132 ms[39m
[29 Oct, 2024 - 17:40:19:4019] [31merror[39m: [31mUser with email or username already exists[39m
[29 Oct, 2024 - 17:40:19:4019] [35mhttp[39m: [35m::1 POST /api/v1/users/register 409 - 23.957 ms[39m
[29 Oct, 2024 - 17:40:33:4033] [35mhttp[39m: [35m::1 POST /api/v1/users/register - - - ms[39m
[29 Oct, 2024 - 17:40:38:4038] [31merror[39m: [31mEmail service failed silently. Make sure you have provided your MAILTRAP credentials in the .env file[39m
[29 Oct, 2024 - 17:40:38:4038] [31merror[39m: [31mError:  getaddrinfo ENOTFOUND __mailtrap_smtp_host__[39m
[29 Oct, 2024 - 17:40:40:4040] [35mhttp[39m: [35m::1 POST /api/v1/users/login 200 - 248.845 ms[39m
[29 Oct, 2024 - 17:40:41:4041] [35mhttp[39m: [35m::1 GET /api/v1/chat-app/chats 304 - 48.101 ms[39m
[29 Oct, 2024 - 17:40:41:4041] [35mhttp[39m: [35m::1 GET /api/v1/chat-app/chats 304 - 68.855 ms[39m
[29 Oct, 2024 - 17:40:53:4053] [35mhttp[39m: [35m::1 POST /api/v1/users/login 200 - 208.417 ms[39m
[29 Oct, 2024 - 17:40:53:4053] [35mhttp[39m: [35m::1 GET /api/v1/chat-app/chats 200 - 35.042 ms[39m
[29 Oct, 2024 - 17:40:53:4053] [35mhttp[39m: [35m::1 GET /api/v1/chat-app/chats 304 - 34.754 ms[39m
[29 Oct, 2024 - 17:40:55:4055] [35mhttp[39m: [35m::1 GET /api/v1/chat-app/chats/users 200 - 38.963 ms[39m
[29 Oct, 2024 - 17:40:58:4058] [35mhttp[39m: [35m::1 POST /api/v1/chat-app/chats/c/67211dab6cebd3562482cc97 201 - 122.910 ms[39m
[29 Oct, 2024 - 17:40:58:4058] [35mhttp[39m: [35m::1 GET /api/v1/chat-app/chats 200 - 46.871 ms[39m
[29 Oct, 2024 - 17:41:01:411] [35mhttp[39m: [35m::1 GET /api/v1/chat-app/messages/67211e2a6cebd3562482cd15 200 - 60.892 ms[39m
[29 Oct, 2024 - 17:41:07:417] [35mhttp[39m: [35m::1 POST /api/v1/chat-app/messages/67211e2a6cebd3562482cd15 201 - 111.448 ms[39m
[29 Oct, 2024 - 17:41:34:4134] [35mhttp[39m: [35m::1 GET /api/v1/chat-app/messages/67211e2a6cebd3562482cd15 200 - 59.695 ms[39m
[29 Oct, 2024 - 17:41:38:4138] [35mhttp[39m: [35m::1 POST /api/v1/chat-app/messages/67211e2a6cebd3562482cd15 201 - 117.724 ms[39m
[29 Oct, 2024 - 17:47:21:4721] [35mhttp[39m: [35m::1 POST /api/v1/chat-app/messages/67211e2a6cebd3562482cd15 201 - 128.087 ms[39m
[29 Oct, 2024 - 18:28:07:287] [35mhttp[39m: [35m::1 POST /api/v1/chat-app/messages/67211e2a6cebd3562482cd15 201 - 397.648 ms[39m
[29 Oct, 2024 - 18:28:10:2810] [35mhttp[39m: [35m::1 POST /api/v1/chat-app/messages/67211e2a6cebd3562482cd15 201 - 128.233 ms[39m
[29 Oct, 2024 - 18:28:14:2814] [35mhttp[39m: [35m::1 POST /api/v1/chat-app/messages/67211e2a6cebd3562482cd15 201 - 127.048 ms[39m
[29 Oct, 2024 - 18:40:54:4054] [34minfo[39m: [34m[39m
[34m☘️  MongoDB Connected! Db host: cluster0-shard-00-00.0h3go.mongodb.net[39m
[34m[39m
[29 Oct, 2024 - 18:40:54:4054] [34minfo[39m: [34m📑 Visit the documentation at: http://localhost:8080[39m
[29 Oct, 2024 - 18:40:54:4054] [34minfo[39m: [34m⚙️  Server is running on port: 8080[39m
[29 Oct, 2024 - 18:41:04:414] [35mhttp[39m: [35m::1 POST /api/v1/chat-app/messages/67211e2a6cebd3562482cd15 201 - 136.029 ms[39m
[29 Oct, 2024 - 18:46:03:463] [34minfo[39m: [34m[39m
[34m☘️  MongoDB Connected! Db host: cluster0-shard-00-00.0h3go.mongodb.net[39m
[34m[39m
[29 Oct, 2024 - 18:46:03:463] [34minfo[39m: [34m📑 Visit the documentation at: http://localhost:8080[39m
[29 Oct, 2024 - 18:46:03:463] [34minfo[39m: [34m⚙️  Server is running on port: 8080[39m
[29 Oct, 2024 - 19:02:03:23] [34minfo[39m: [34m[39m
[34m☘️  MongoDB Connected! Db host: cluster0-shard-00-00.0h3go.mongodb.net[39m
[34m[39m
[29 Oct, 2024 - 19:02:03:23] [34minfo[39m: [34m📑 Visit the documentation at: http://localhost:8080[39m
[29 Oct, 2024 - 19:02:03:23] [34minfo[39m: [34m⚙️  Server is running on port: 8080[39m
[29 Oct, 2024 - 19:02:16:216] [31merror[39m: [31mAssignment to constant variable.[39m
[29 Oct, 2024 - 19:02:16:216] [35mhttp[39m: [35m::1 POST /api/v1/chat-app/messages/67211e2a6cebd3562482cd15 500 - 35.374 ms[39m
[29 Oct, 2024 - 19:02:34:234] [31merror[39m: [31mAssignment to constant variable.[39m
[29 Oct, 2024 - 19:02:34:234] [35mhttp[39m: [35m::1 POST /api/v1/chat-app/messages/67211e2a6cebd3562482cd15 500 - 28.167 ms[39m
[29 Oct, 2024 - 19:03:47:347] [31merror[39m: [31mAssignment to constant variable.[39m
[29 Oct, 2024 - 19:03:47:347] [35mhttp[39m: [35m::1 POST /api/v1/chat-app/messages/67211e2a6cebd3562482cd15 500 - 21.724 ms[39m
[29 Oct, 2024 - 19:05:38:538] [34minfo[39m: [34m[39m
[34m☘️  MongoDB Connected! Db host: cluster0-shard-00-00.0h3go.mongodb.net[39m
[34m[39m
[29 Oct, 2024 - 19:05:38:538] [34minfo[39m: [34m📑 Visit the documentation at: http://localhost:8080[39m
[29 Oct, 2024 - 19:05:38:538] [34minfo[39m: [34m⚙️  Server is running on port: 8080[39m
[29 Oct, 2024 - 19:05:44:544] [35mhttp[39m: [35m::1 POST /api/v1/chat-app/messages/67211e2a6cebd3562482cd15 201 - 126.832 ms[39m
[29 Oct, 2024 - 19:05:49:549] [35mhttp[39m: [35m::1 POST /api/v1/chat-app/messages/67211e2a6cebd3562482cd15 201 - 123.875 ms[39m
[29 Oct, 2024 - 19:06:10:610] [35mhttp[39m: [35m::1 POST /api/v1/chat-app/messages/67211e2a6cebd3562482cd15 201 - 121.114 ms[39m
[29 Oct, 2024 - 19:16:13:1613] [34minfo[39m: [34m[39m
[34m☘️  MongoDB Connected! Db host: cluster0-shard-00-00.0h3go.mongodb.net[39m
[34m[39m
[29 Oct, 2024 - 19:16:13:1613] [34minfo[39m: [34m📑 Visit the documentation at: http://localhost:8080[39m
[29 Oct, 2024 - 19:16:13:1613] [34minfo[39m: [34m⚙️  Server is running on port: 8080[39m
[29 Oct, 2024 - 19:16:26:1626] [35mhttp[39m: [35m::1 POST /api/v1/chat-app/messages/67211e2a6cebd3562482cd15 201 - 123.907 ms[39m
[29 Oct, 2024 - 19:22:36:2236] [35mhttp[39m: [35m::1 POST /api/v1/chat-app/messages/67211e2a6cebd3562482cd15 201 - 128.696 ms[39m
[29 Oct, 2024 - 19:22:39:2239] [35mhttp[39m: [35m::1 POST /api/v1/chat-app/messages/67211e2a6cebd3562482cd15 201 - 126.407 ms[39m
[29 Oct, 2024 - 19:22:42:2242] [35mhttp[39m: [35m::1 POST /api/v1/chat-app/messages/67211e2a6cebd3562482cd15 201 - 109.456 ms[39m
[29 Oct, 2024 - 19:23:30:2330] [34minfo[39m: [34m[39m
[34m☘️  MongoDB Connected! Db host: cluster0-shard-00-00.0h3go.mongodb.net[39m
[34m[39m
[29 Oct, 2024 - 19:23:30:2330] [34minfo[39m: [34m📑 Visit the documentation at: http://localhost:8080[39m
[29 Oct, 2024 - 19:23:30:2330] [34minfo[39m: [34m⚙️  Server is running on port: 8080[39m
[29 Oct, 2024 - 19:23:53:2353] [35mhttp[39m: [35m::1 POST /api/v1/chat-app/messages/67211e2a6cebd3562482cd15 201 - 123.985 ms[39m
[29 Oct, 2024 - 19:27:17:2717] [34minfo[39m: [34m[39m
[34m☘️  MongoDB Connected! Db host: cluster0-shard-00-00.0h3go.mongodb.net[39m
[34m[39m
[29 Oct, 2024 - 19:27:17:2717] [34minfo[39m: [34m📑 Visit the documentation at: http://localhost:8080[39m
[29 Oct, 2024 - 19:27:17:2717] [34minfo[39m: [34m⚙️  Server is running on port: 8080[39m
[29 Oct, 2024 - 19:36:09:369] [34minfo[39m: [34m[39m
[34m☘️  MongoDB Connected! Db host: cluster0-shard-00-00.0h3go.mongodb.net[39m
[34m[39m
[29 Oct, 2024 - 19:36:09:369] [34minfo[39m: [34m📑 Visit the documentation at: http://localhost:8080[39m
[29 Oct, 2024 - 19:36:09:369] [34minfo[39m: [34m⚙️  Server is running on port: 8080[39m
[29 Oct, 2024 - 19:56:34:5634] [35mhttp[39m: [35m::1 GET /api/v1/chat-app/chats 200 - 49.690 ms[39m
[29 Oct, 2024 - 19:56:34:5634] [35mhttp[39m: [35m::1 GET /api/v1/chat-app/messages/67211e2a6cebd3562482cd15 200 - 73.740 ms[39m
[29 Oct, 2024 - 19:56:34:5634] [35mhttp[39m: [35m::1 GET /api/v1/chat-app/chats 200 - 46.770 ms[39m
[29 Oct, 2024 - 19:56:34:5634] [35mhttp[39m: [35m::1 GET /api/v1/chat-app/chats 304 - 43.991 ms[39m
[29 Oct, 2024 - 19:56:34:5634] [35mhttp[39m: [35m::1 GET /api/v1/chat-app/messages/67211e2a6cebd3562482cd15 200 - 68.651 ms[39m
[29 Oct, 2024 - 19:56:34:5634] [35mhttp[39m: [35m::1 GET /api/v1/chat-app/messages/67211e2a6cebd3562482cd15 304 - 65.745 ms[39m
[29 Oct, 2024 - 19:56:34:5634] [35mhttp[39m: [35m::1 GET /api/v1/chat-app/chats 304 - 45.933 ms[39m
[29 Oct, 2024 - 19:56:34:5634] [35mhttp[39m: [35m::1 GET /api/v1/chat-app/messages/67211e2a6cebd3562482cd15 304 - 63.128 ms[39m
[29 Oct, 2024 - 20:45:27:4527] [35mhttp[39m: [35m::1 GET /api/v1/chat-app/chats 304 - 581.332 ms[39m
[29 Oct, 2024 - 20:45:27:4527] [35mhttp[39m: [35m::1 GET /api/v1/chat-app/messages/67211e2a6cebd3562482cd15 304 - 618.800 ms[39m
[29 Oct, 2024 - 20:45:27:4527] [35mhttp[39m: [35m::1 GET /api/v1/chat-app/messages/67211e2a6cebd3562482cd15 304 - 637.143 ms[39m
[29 Oct, 2024 - 20:45:27:4527] [35mhttp[39m: [35m::1 GET /api/v1/chat-app/chats 304 - 66.552 ms[39m
[29 Oct, 2024 - 20:45:27:4527] [35mhttp[39m: [35m::1 GET /api/v1/chat-app/chats 304 - 665.295 ms[39m
[29 Oct, 2024 - 20:45:27:4527] [35mhttp[39m: [35m::1 GET /api/v1/chat-app/chats 304 - 36.862 ms[39m
[29 Oct, 2024 - 20:45:27:4527] [35mhttp[39m: [35m::1 GET /api/v1/chat-app/messages/67211e2a6cebd3562482cd15 304 - 58.929 ms[39m
[29 Oct, 2024 - 20:45:28:4528] [35mhttp[39m: [35m::1 GET /api/v1/chat-app/messages/67211e2a6cebd3562482cd15 304 - 200.746 ms[39m
[29 Oct, 2024 - 22:26:41:2641] [35mhttp[39m: [35m::1 GET /api/v1/chat-app/chats 304 - 375.133 ms[39m
[29 Oct, 2024 - 22:26:41:2641] [35mhttp[39m: [35m::1 GET /api/v1/chat-app/chats 304 - 356.000 ms[39m
[29 Oct, 2024 - 22:26:41:2641] [35mhttp[39m: [35m::1 GET /api/v1/chat-app/messages/67211e2a6cebd3562482cd15 304 - 419.953 ms[39m
[29 Oct, 2024 - 22:26:41:2641] [35mhttp[39m: [35m::1 GET /api/v1/chat-app/messages/67211e2a6cebd3562482cd15 304 - 408.183 ms[39m
[29 Oct, 2024 - 22:26:41:2641] [35mhttp[39m: [35m::1 GET /api/v1/chat-app/chats 304 - 68.983 ms[39m
[29 Oct, 2024 - 22:26:41:2641] [35mhttp[39m: [35m::1 GET /api/v1/chat-app/messages/67211e2a6cebd3562482cd15 304 - 70.882 ms[39m
[29 Oct, 2024 - 22:26:41:2641] [35mhttp[39m: [35m::1 GET /api/v1/chat-app/messages/67211e2a6cebd3562482cd15 304 - 73.400 ms[39m
[29 Oct, 2024 - 22:26:41:2641] [35mhttp[39m: [35m::1 GET /api/v1/chat-app/chats 304 - 211.203 ms[39m
[30 Oct, 2024 - 08:03:27:327] [35mhttp[39m: [35m::1 GET /api/v1/chat-app/chats 304 - 210.355 ms[39m
[30 Oct, 2024 - 08:03:27:327] [35mhttp[39m: [35m::1 GET /api/v1/chat-app/messages/67211e2a6cebd3562482cd15 304 - 290.530 ms[39m
[30 Oct, 2024 - 08:03:27:327] [35mhttp[39m: [35m::1 GET /api/v1/chat-app/messages/67211e2a6cebd3562482cd15 304 - 257.652 ms[39m
[30 Oct, 2024 - 08:03:27:327] [35mhttp[39m: [35m::1 GET /api/v1/chat-app/chats 304 - 50.130 ms[39m
[30 Oct, 2024 - 08:03:27:327] [35mhttp[39m: [35m::1 GET /api/v1/chat-app/chats 304 - 353.928 ms[39m
[30 Oct, 2024 - 08:03:27:327] [35mhttp[39m: [35m::1 GET /api/v1/chat-app/messages/67211e2a6cebd3562482cd15 304 - 52.919 ms[39m
[30 Oct, 2024 - 08:03:27:327] [35mhttp[39m: [35m::1 GET /api/v1/chat-app/chats 304 - 36.767 ms[39m
[30 Oct, 2024 - 08:03:27:327] [35mhttp[39m: [35m::1 GET /api/v1/chat-app/messages/67211e2a6cebd3562482cd15 304 - 174.074 ms[39m
[30 Oct, 2024 - 08:06:15:615] [35mhttp[39m: [35m::1 GET /api/v1/chat-app/chats 304 - 796.786 ms[39m
[30 Oct, 2024 - 08:06:15:615] [35mhttp[39m: [35m::1 GET /api/v1/chat-app/messages/67211e2a6cebd3562482cd15 304 - 803.732 ms[39m
[30 Oct, 2024 - 08:06:15:615] [35mhttp[39m: [35m::1 GET /api/v1/chat-app/chats 304 - 70.050 ms[39m
[30 Oct, 2024 - 08:06:16:616] [35mhttp[39m: [35m::1 GET /api/v1/chat-app/messages/67211e2a6cebd3562482cd15 304 - 91.364 ms[39m
[30 Oct, 2024 - 08:06:16:616] [35mhttp[39m: [35m::1 GET /api/v1/chat-app/messages/67211e2a6cebd3562482cd15 304 - 942.950 ms[39m
[30 Oct, 2024 - 08:06:16:616] [35mhttp[39m: [35m::1 GET /api/v1/chat-app/chats 304 - 941.035 ms[39m
[30 Oct, 2024 - 08:06:16:616] [35mhttp[39m: [35m::1 GET /api/v1/chat-app/messages/67211e2a6cebd3562482cd15 304 - 59.629 ms[39m
[30 Oct, 2024 - 08:06:16:616] [35mhttp[39m: [35m::1 GET /api/v1/chat-app/chats 304 - 45.598 ms[39m
[30 Oct, 2024 - 09:28:02:282] [31merror[39m: [31m408FC6FC01000000:error:0A000438:SSL routines:ssl3_read_bytes:tlsv1 alert internal error:../deps/openssl/openssl/ssl/record/rec_layer_s3.c:1605:SSL alert number 80[39m
[31m[39m
[30 Oct, 2024 - 09:28:02:282] [31merror[39m: [31m408FC6FC01000000:error:0A000438:SSL routines:ssl3_read_bytes:tlsv1 alert internal error:../deps/openssl/openssl/ssl/record/rec_layer_s3.c:1605:SSL alert number 80[39m
[31m[39m
[30 Oct, 2024 - 09:28:02:282] [31merror[39m: [31m408FC6FC01000000:error:0A000438:SSL routines:ssl3_read_bytes:tlsv1 alert internal error:../deps/openssl/openssl/ssl/record/rec_layer_s3.c:1605:SSL alert number 80[39m
[31m[39m
[30 Oct, 2024 - 09:28:02:282] [31merror[39m: [31m408FC6FC01000000:error:0A000438:SSL routines:ssl3_read_bytes:tlsv1 alert internal error:../deps/openssl/openssl/ssl/record/rec_layer_s3.c:1605:SSL alert number 80[39m
[31m[39m
[30 Oct, 2024 - 09:28:02:282] [35mhttp[39m: [35m::1 GET /api/v1/chat-app/chats 401 - 1008385.521 ms[39m
[30 Oct, 2024 - 09:28:02:282] [35mhttp[39m: [35m::1 GET /api/v1/chat-app/messages/67211e2a6cebd3562482cd15 401 - 1008382.712 ms[39m
[30 Oct, 2024 - 09:28:02:282] [35mhttp[39m: [35m::1 GET /api/v1/chat-app/chats 401 - 1008380.156 ms[39m
[30 Oct, 2024 - 09:28:02:282] [35mhttp[39m: [35m::1 GET /api/v1/chat-app/messages/67211e2a6cebd3562482cd15 401 - 1008378.630 ms[39m
[30 Oct, 2024 - 09:28:02:282] [35mhttp[39m: [35m::1 GET /api/v1/chat-app/messages/67211e2a6cebd3562482cd15 - - - ms[39m
[30 Oct, 2024 - 09:28:02:282] [35mhttp[39m: [35m::1 GET /api/v1/chat-app/chats - - - ms[39m
[30 Oct, 2024 - 09:28:02:282] [35mhttp[39m: [35m::1 GET /api/v1/chat-app/messages/67211e2a6cebd3562482cd15 - - - ms[39m
[30 Oct, 2024 - 09:28:02:282] [35mhttp[39m: [35m::1 GET /api/v1/chat-app/chats - - - ms[39m
[30 Oct, 2024 - 09:43:01:431] [31merror[39m: [31m408FC6FC01000000:error:0A000438:SSL routines:ssl3_read_bytes:tlsv1 alert internal error:../deps/openssl/openssl/ssl/record/rec_layer_s3.c:1605:SSL alert number 80[39m
[31m[39m
[30 Oct, 2024 - 09:43:01:431] [31merror[39m: [31m408FC6FC01000000:error:0A000438:SSL routines:ssl3_read_bytes:tlsv1 alert internal error:../deps/openssl/openssl/ssl/record/rec_layer_s3.c:1605:SSL alert number 80[39m
[31m[39m
[30 Oct, 2024 - 09:43:01:431] [31merror[39m: [31m408FC6FC01000000:error:0A000438:SSL routines:ssl3_read_bytes:tlsv1 alert internal error:../deps/openssl/openssl/ssl/record/rec_layer_s3.c:1605:SSL alert number 80[39m
[31m[39m
[30 Oct, 2024 - 09:43:01:431] [31merror[39m: [31m408FC6FC01000000:error:0A000438:SSL routines:ssl3_read_bytes:tlsv1 alert internal error:../deps/openssl/openssl/ssl/record/rec_layer_s3.c:1605:SSL alert number 80[39m
[31m[39m
[31 Oct, 2024 - 08:27:37:2737] [35mhttp[39m: [35m::1 GET /swagger-ui-init.js 200 - 8.966 ms[39m
[31 Oct, 2024 - 08:27:37:2737] [35mhttp[39m: [35m::1 GET /swagger-ui.css 200 - 14.262 ms[39m
[31 Oct, 2024 - 08:27:37:2737] [35mhttp[39m: [35m::1 GET /swagger-ui-standalone-preset.js 200 - 16.987 ms[39m
[31 Oct, 2024 - 08:27:37:2737] [35mhttp[39m: [35m::1 GET /swagger-ui-bundle.js 200 - 17.277 ms[39m
[04 Nov, 2024 - 21:07:22:722] [34minfo[39m: [34m[39m
[34m☘️  MongoDB Connected! Db host: cluster0-shard-00-00.0h3go.mongodb.net[39m
[34m[39m
[04 Nov, 2024 - 21:07:22:722] [34minfo[39m: [34m📑 Visit the documentation at: http://localhost:8080[39m
[04 Nov, 2024 - 21:07:22:722] [34minfo[39m: [34m⚙️  Server is running on port: 8080[39m
[04 Nov, 2024 - 21:26:29:2629] [34minfo[39m: [34m[39m
[34m☘️  MongoDB Connected! Db host: cluster0-shard-00-00.0h3go.mongodb.net[39m
[34m[39m
[04 Nov, 2024 - 21:26:29:2629] [34minfo[39m: [34m📑 Visit the documentation at: http://localhost:8080[39m
[04 Nov, 2024 - 21:26:29:2629] [34minfo[39m: [34m⚙️  Server is running on port: 8080[39m
[04 Nov, 2024 - 21:26:34:2634] [35mhttp[39m: [35m::1 POST /api/v1/users/login 200 - 262.537 ms[39m
[04 Nov, 2024 - 21:26:35:2635] [35mhttp[39m: [35m::1 GET /api/v1/chat-app/chats 200 - 56.158 ms[39m
[04 Nov, 2024 - 21:26:35:2635] [35mhttp[39m: [35m::1 GET /api/v1/chat-app/chats 304 - 38.611 ms[39m
[04 Nov, 2024 - 21:26:37:2637] [35mhttp[39m: [35m::1 GET /api/v1/chat-app/messages/67211e2a6cebd3562482cd15 200 - 73.517 ms[39m
[04 Nov, 2024 - 21:26:42:2642] [35mhttp[39m: [35m::1 POST /api/v1/chat-app/messages/67211e2a6cebd3562482cd15 201 - 146.958 ms[39m
[08 Nov, 2024 - 20:46:22:4622] [31merror[39m: [31mMongoDB connection error:  Could not connect to any servers in your MongoDB Atlas cluster. One common reason is that you're trying to access the database from an IP that isn't whitelisted. Make sure your current IP address is on your Atlas cluster's IP whitelist: https://www.mongodb.com/docs/atlas/security-whitelist/[39m
[08 Nov, 2024 - 20:50:13:5013] [34minfo[39m: [34m[39m
[34m☘️  MongoDB Connected! Db host: cluster0-shard-00-00.0h3go.mongodb.net[39m
[34m[39m
[08 Nov, 2024 - 20:50:13:5013] [34minfo[39m: [34m📑 Visit the documentation at: http://localhost:8080[39m
[08 Nov, 2024 - 20:50:13:5013] [34minfo[39m: [34m⚙️  Server is running on port: 8080[39m
[08 Nov, 2024 - 20:50:29:5029] [35mhttp[39m: [35m::1 GET / 200 - 2.791 ms[39m
[08 Nov, 2024 - 20:50:29:5029] [35mhttp[39m: [35m::1 GET /swagger-ui.css 200 - 3.570 ms[39m
[08 Nov, 2024 - 20:50:29:5029] [35mhttp[39m: [35m::1 GET /swagger-ui-standalone-preset.js 200 - 12.781 ms[39m
[08 Nov, 2024 - 20:50:29:5029] [35mhttp[39m: [35m::1 GET /swagger-ui-init.js 200 - 9.328 ms[39m
[08 Nov, 2024 - 20:50:29:5029] [35mhttp[39m: [35m::1 GET /swagger-ui-bundle.js 200 - 12.037 ms[39m
[08 Nov, 2024 - 20:50:29:5029] [35mhttp[39m: [35m::1 GET /favicon-32x32.png 200 - 1.453 ms[39m
[08 Nov, 2024 - 20:51:01:511] [34minfo[39m: [34m[39m
[34m☘️  MongoDB Connected! Db host: cluster0-shard-00-00.0h3go.mongodb.net[39m
[34m[39m
[08 Nov, 2024 - 20:51:02:512] [34minfo[39m: [34m📑 Visit the documentation at: http://localhost:8080[39m
[08 Nov, 2024 - 20:51:02:512] [34minfo[39m: [34m⚙️  Server is running on port: 8080[39m
[08 Nov, 2024 - 20:51:25:5125] [35mhttp[39m: [35m::1 POST /api/v1/users/login 200 - 629.069 ms[39m
[08 Nov, 2024 - 20:51:25:5125] [35mhttp[39m: [35m::1 GET /api/v1/chat-app/chats 200 - 278.336 ms[39m
[08 Nov, 2024 - 20:51:25:5125] [35mhttp[39m: [35m::1 GET /api/v1/chat-app/chats 304 - 204.877 ms[39m
[08 Nov, 2024 - 20:51:39:5139] [35mhttp[39m: [35m::1 GET /api/v1/chat-app/chats 304 - 261.495 ms[39m
[08 Nov, 2024 - 20:51:39:5139] [35mhttp[39m: [35m::1 GET /api/v1/chat-app/chats 304 - 105.558 ms[39m
[08 Nov, 2024 - 20:51:42:5142] [35mhttp[39m: [35m::1 GET /api/v1/chat-app/messages/67211e2a6cebd3562482cd15 200 - 230.597 ms[39m
[08 Nov, 2024 - 20:51:43:5143] [35mhttp[39m: [35m::1 GET /api/v1/chat-app/chats 304 - 103.360 ms[39m
[08 Nov, 2024 - 20:51:43:5143] [35mhttp[39m: [35m::1 GET /api/v1/chat-app/messages/67211e2a6cebd3562482cd15 304 - 159.052 ms[39m
[08 Nov, 2024 - 20:51:43:5143] [35mhttp[39m: [35m::1 GET /api/v1/chat-app/chats 304 - 94.905 ms[39m
[08 Nov, 2024 - 20:51:43:5143] [35mhttp[39m: [35m::1 GET /api/v1/chat-app/messages/67211e2a6cebd3562482cd15 304 - 151.594 ms[39m
[08 Nov, 2024 - 20:51:54:5154] [35mhttp[39m: [35m::1 POST /api/v1/users/login 200 - 528.482 ms[39m
[08 Nov, 2024 - 20:51:54:5154] [35mhttp[39m: [35m::1 GET /api/v1/chat-app/chats 200 - 114.862 ms[39m
[08 Nov, 2024 - 20:51:54:5154] [35mhttp[39m: [35m::1 GET /api/v1/chat-app/chats 304 - 99.575 ms[39m
[08 Nov, 2024 - 20:51:55:5155] [35mhttp[39m: [35m::1 GET /api/v1/chat-app/messages/67211e2a6cebd3562482cd15 200 - 144.118 ms[39m
[08 Nov, 2024 - 20:52:00:520] [35mhttp[39m: [35m::1 POST /api/v1/chat-app/messages/67211e2a6cebd3562482cd15 201 - 249.840 ms[39m
[08 Nov, 2024 - 20:52:04:524] [35mhttp[39m: [35m::1 POST /api/v1/chat-app/messages/67211e2a6cebd3562482cd15 201 - 236.653 ms[39m
[08 Nov, 2024 - 20:52:06:526] [35mhttp[39m: [35m::1 GET /api/v1/chat-app/chats 200 - 428.286 ms[39m
[08 Nov, 2024 - 20:52:07:527] [35mhttp[39m: [35m::1 GET /api/v1/chat-app/messages/67211e2a6cebd3562482cd15 200 - 566.859 ms[39m
[08 Nov, 2024 - 20:52:07:527] [35mhttp[39m: [35m::1 GET /api/v1/chat-app/chats 304 - 305.386 ms[39m
[08 Nov, 2024 - 20:52:07:527] [35mhttp[39m: [35m::1 GET /api/v1/chat-app/messages/67211e2a6cebd3562482cd15 304 - 659.912 ms[39m
[08 Nov, 2024 - 20:53:08:538] [34minfo[39m: [34m[39m
[34m☘️  MongoDB Connected! Db host: cluster0-shard-00-00.0h3go.mongodb.net[39m
[34m[39m
[08 Nov, 2024 - 20:53:08:538] [34minfo[39m: [34m📑 Visit the documentation at: http://localhost:8080[39m
[08 Nov, 2024 - 20:53:08:538] [34minfo[39m: [34m⚙️  Server is running on port: 8080[39m
[08 Nov, 2024 - 20:53:22:5322] [31merror[39m: [31mError filtering content[39m
[08 Nov, 2024 - 20:53:22:5322] [31merror[39m: [31mError filtering content[39m
[08 Nov, 2024 - 20:53:22:5322] [35mhttp[39m: [35m::1 POST /api/v1/chat-app/messages/67211e2a6cebd3562482cd15 500 - 2369.136 ms[39m
[08 Nov, 2024 - 20:53:22:5322] [35mhttp[39m: [35m::1 POST /api/v1/chat-app/messages/67211e2a6cebd3562482cd15 500 - 4287.323 ms[39m
[08 Nov, 2024 - 21:02:40:240] [34minfo[39m: [34m[39m
[34m☘️  MongoDB Connected! Db host: cluster0-shard-00-00.0h3go.mongodb.net[39m
[34m[39m
[08 Nov, 2024 - 21:02:40:240] [34minfo[39m: [34m📑 Visit the documentation at: http://localhost:8080[39m
[08 Nov, 2024 - 21:02:40:240] [34minfo[39m: [34m⚙️  Server is running on port: 8080[39m
[08 Nov, 2024 - 21:02:55:255] [31merror[39m: [31mError filtering content[39m
[08 Nov, 2024 - 21:02:55:255] [35mhttp[39m: [35m::1 POST /api/v1/chat-app/messages/67211e2a6cebd3562482cd15 500 - 2493.205 ms[39m
[08 Nov, 2024 - 21:09:09:99] [34minfo[39m: [34m[39m
[34m☘️  MongoDB Connected! Db host: cluster0-shard-00-00.0h3go.mongodb.net[39m
[34m[39m
[08 Nov, 2024 - 21:09:09:99] [34minfo[39m: [34m📑 Visit the documentation at: http://localhost:8080[39m
[08 Nov, 2024 - 21:09:09:99] [34minfo[39m: [34m⚙️  Server is running on port: 8080[39m
[08 Nov, 2024 - 21:09:21:921] [35mhttp[39m: [35m::1 GET /api/v1/chat-app/chats 304 - 267.361 ms[39m
[08 Nov, 2024 - 21:09:21:921] [35mhttp[39m: [35m::1 GET /api/v1/chat-app/messages/67211e2a6cebd3562482cd15 304 - 377.374 ms[39m
[08 Nov, 2024 - 21:09:21:921] [35mhttp[39m: [35m::1 GET /api/v1/chat-app/chats 304 - 184.991 ms[39m
[08 Nov, 2024 - 21:09:21:921] [35mhttp[39m: [35m::1 GET /api/v1/chat-app/messages/67211e2a6cebd3562482cd15 304 - 186.254 ms[39m
[08 Nov, 2024 - 21:09:25:925] [31merror[39m: [31mError filtering content[39m
[08 Nov, 2024 - 21:09:25:925] [35mhttp[39m: [35m::1 POST /api/v1/chat-app/messages/67211e2a6cebd3562482cd15 500 - 791.748 ms[39m
[08 Nov, 2024 - 21:12:58:1258] [34minfo[39m: [34m[39m
[34m☘️  MongoDB Connected! Db host: cluster0-shard-00-00.0h3go.mongodb.net[39m
[34m[39m
[08 Nov, 2024 - 21:12:58:1258] [34minfo[39m: [34m📑 Visit the documentation at: http://localhost:8080[39m
[08 Nov, 2024 - 21:12:58:1258] [34minfo[39m: [34m⚙️  Server is running on port: 8080[39m
[08 Nov, 2024 - 21:13:09:139] [31merror[39m: [31mError filtering content[39m
[08 Nov, 2024 - 21:13:09:139] [35mhttp[39m: [35m::1 POST /api/v1/chat-app/messages/67211e2a6cebd3562482cd15 500 - 1084.706 ms[39m
[08 Nov, 2024 - 21:15:46:1546] [34minfo[39m: [34m[39m
[34m☘️  MongoDB Connected! Db host: cluster0-shard-00-00.0h3go.mongodb.net[39m
[34m[39m
[08 Nov, 2024 - 21:15:46:1546] [34minfo[39m: [34m📑 Visit the documentation at: http://localhost:8080[39m
[08 Nov, 2024 - 21:15:46:1546] [34minfo[39m: [34m⚙️  Server is running on port: 8080[39m
[08 Nov, 2024 - 21:16:03:163] [31merror[39m: [31mError filtering content[39m
[08 Nov, 2024 - 21:16:03:163] [35mhttp[39m: [35m::1 POST /api/v1/chat-app/messages/67211e2a6cebd3562482cd15 500 - 7928.729 ms[39m
[08 Nov, 2024 - 21:17:37:1737] [31merror[39m: [31mError filtering content[39m
[08 Nov, 2024 - 21:17:37:1737] [35mhttp[39m: [35m::1 POST /api/v1/chat-app/messages/67211e2a6cebd3562482cd15 500 - 8054.815 ms[39m
[08 Nov, 2024 - 21:26:10:2610] [34minfo[39m: [34m[39m
[34m☘️  MongoDB Connected! Db host: cluster0-shard-00-00.0h3go.mongodb.net[39m
[34m[39m
[08 Nov, 2024 - 21:26:10:2610] [34minfo[39m: [34m📑 Visit the documentation at: http://localhost:8080[39m
[08 Nov, 2024 - 21:26:10:2610] [34minfo[39m: [34m⚙️  Server is running on port: 8080[39m
[08 Nov, 2024 - 21:26:47:2647] [31merror[39m: [31mError filtering content[39m
[08 Nov, 2024 - 21:26:47:2647] [35mhttp[39m: [35m::1 POST /api/v1/chat-app/messages/67211e2a6cebd3562482cd15 500 - 7855.061 ms[39m
[08 Nov, 2024 - 21:29:43:2943] [34minfo[39m: [34m[39m
[34m☘️  MongoDB Connected! Db host: cluster0-shard-00-00.0h3go.mongodb.net[39m
[34m[39m
[08 Nov, 2024 - 21:29:43:2943] [34minfo[39m: [34m📑 Visit the documentation at: http://localhost:8080[39m
[08 Nov, 2024 - 21:29:43:2943] [34minfo[39m: [34m⚙️  Server is running on port: 8080[39m
[08 Nov, 2024 - 21:30:01:301] [31merror[39m: [31mError filtering content[39m
[08 Nov, 2024 - 21:30:01:301] [35mhttp[39m: [35m::1 POST /api/v1/chat-app/messages/67211e2a6cebd3562482cd15 500 - 7818.122 ms[39m
[08 Nov, 2024 - 21:36:08:368] [34minfo[39m: [34m[39m
[34m☘️  MongoDB Connected! Db host: cluster0-shard-00-00.0h3go.mongodb.net[39m
[34m[39m
[08 Nov, 2024 - 21:36:08:368] [34minfo[39m: [34m📑 Visit the documentation at: http://localhost:8080[39m
[08 Nov, 2024 - 21:36:08:368] [34minfo[39m: [34m⚙️  Server is running on port: 8080[39m
[08 Nov, 2024 - 21:36:18:3618] [35mhttp[39m: [35m::1 GET /api/v1/chat-app/chats 304 - 128.849 ms[39m
[08 Nov, 2024 - 21:36:18:3618] [35mhttp[39m: [35m::1 GET /api/v1/chat-app/messages/67211e2a6cebd3562482cd15 304 - 199.703 ms[39m
[08 Nov, 2024 - 21:36:18:3618] [35mhttp[39m: [35m::1 GET /api/v1/chat-app/chats 304 - 172.558 ms[39m
[08 Nov, 2024 - 21:36:19:3619] [35mhttp[39m: [35m::1 GET /api/v1/chat-app/messages/67211e2a6cebd3562482cd15 304 - 619.786 ms[39m
[08 Nov, 2024 - 21:36:30:3630] [31merror[39m: [31mError filtering content[39m
[08 Nov, 2024 - 21:36:30:3630] [35mhttp[39m: [35m::1 POST /api/v1/chat-app/messages/67211e2a6cebd3562482cd15 500 - 9575.988 ms[39m
[08 Nov, 2024 - 21:49:40:4940] [34minfo[39m: [34m[39m
[34m☘️  MongoDB Connected! Db host: cluster0-shard-00-00.0h3go.mongodb.net[39m
[34m[39m
[08 Nov, 2024 - 21:49:40:4940] [34minfo[39m: [34m📑 Visit the documentation at: http://localhost:8080[39m
[08 Nov, 2024 - 21:49:40:4940] [34minfo[39m: [34m⚙️  Server is running on port: 8080[39m
[08 Nov, 2024 - 21:49:51:4951] [31merror[39m: [31mError filtering content[39m
[08 Nov, 2024 - 21:49:51:4951] [35mhttp[39m: [35m::1 POST /api/v1/chat-app/messages/67211e2a6cebd3562482cd15 500 - 575.266 ms[39m
[08 Nov, 2024 - 21:54:08:548] [34minfo[39m: [34m[39m
[34m☘️  MongoDB Connected! Db host: cluster0-shard-00-00.0h3go.mongodb.net[39m
[34m[39m
[08 Nov, 2024 - 21:54:08:548] [34minfo[39m: [34m📑 Visit the documentation at: http://localhost:8080[39m
[08 Nov, 2024 - 21:54:08:548] [34minfo[39m: [34m⚙️  Server is running on port: 8080[39m
[08 Nov, 2024 - 21:54:17:5417] [31merror[39m: [31mError filtering content[39m
[08 Nov, 2024 - 21:54:17:5417] [35mhttp[39m: [35m::1 POST /api/v1/chat-app/messages/67211e2a6cebd3562482cd15 500 - 781.130 ms[39m
[08 Nov, 2024 - 21:55:27:5527] [34minfo[39m: [34m[39m
[34m☘️  MongoDB Connected! Db host: cluster0-shard-00-00.0h3go.mongodb.net[39m
[34m[39m
[08 Nov, 2024 - 21:55:27:5527] [34minfo[39m: [34m📑 Visit the documentation at: http://localhost:8080[39m
[08 Nov, 2024 - 21:55:27:5527] [34minfo[39m: [34m⚙️  Server is running on port: 8080[39m
[08 Nov, 2024 - 21:55:32:5532] [31merror[39m: [31mError filtering content[39m
[08 Nov, 2024 - 21:55:32:5532] [35mhttp[39m: [35m::1 POST /api/v1/chat-app/messages/67211e2a6cebd3562482cd15 500 - 528.063 ms[39m
[08 Nov, 2024 - 21:56:41:5641] [34minfo[39m: [34m[39m
[34m☘️  MongoDB Connected! Db host: cluster0-shard-00-00.0h3go.mongodb.net[39m
[34m[39m
[08 Nov, 2024 - 21:56:41:5641] [34minfo[39m: [34m📑 Visit the documentation at: http://localhost:8080[39m
[08 Nov, 2024 - 21:56:41:5641] [34minfo[39m: [34m⚙️  Server is running on port: 8080[39m
[08 Nov, 2024 - 21:56:45:5645] [35mhttp[39m: [35m::1 POST /api/v1/chat-app/messages/67211e2a6cebd3562482cd15 201 - 745.427 ms[39m
[08 Nov, 2024 - 21:57:03:573] [35mhttp[39m: [35m::1 POST /api/v1/chat-app/messages/67211e2a6cebd3562482cd15 201 - 665.888 ms[39m
[08 Nov, 2024 - 21:57:08:578] [35mhttp[39m: [35m::1 POST /api/v1/chat-app/messages/67211e2a6cebd3562482cd15 201 - 746.519 ms[39m
[08 Nov, 2024 - 21:57:19:5719] [31merror[39m: [31mError filtering content[39m
[08 Nov, 2024 - 21:57:19:5719] [35mhttp[39m: [35m::1 POST /api/v1/chat-app/messages/67211e2a6cebd3562482cd15 500 - 736.909 ms[39m
[08 Nov, 2024 - 21:58:47:5847] [31merror[39m: [31mError filtering content[39m
[08 Nov, 2024 - 21:58:47:5847] [35mhttp[39m: [35m::1 POST /api/v1/chat-app/messages/67211e2a6cebd3562482cd15 500 - 802.069 ms[39m
[08 Nov, 2024 - 21:59:05:595] [34minfo[39m: [34m[39m
[34m☘️  MongoDB Connected! Db host: cluster0-shard-00-00.0h3go.mongodb.net[39m
[34m[39m
[08 Nov, 2024 - 21:59:05:595] [34minfo[39m: [34m📑 Visit the documentation at: http://localhost:8080[39m
[08 Nov, 2024 - 21:59:05:595] [34minfo[39m: [34m⚙️  Server is running on port: 8080[39m
[08 Nov, 2024 - 21:59:13:5913] [31merror[39m: [31mError filtering content[39m
[08 Nov, 2024 - 21:59:13:5913] [35mhttp[39m: [35m::1 POST /api/v1/chat-app/messages/67211e2a6cebd3562482cd15 500 - 386.589 ms[39m
[08 Nov, 2024 - 21:59:13:5913] [31merror[39m: [31mError filtering content[39m
[08 Nov, 2024 - 21:59:13:5913] [35mhttp[39m: [35m::1 POST /api/v1/chat-app/messages/67211e2a6cebd3562482cd15 500 - 381.702 ms[39m
[08 Nov, 2024 - 22:02:24:224] [34minfo[39m: [34m[39m
[34m☘️  MongoDB Connected! Db host: cluster0-shard-00-00.0h3go.mongodb.net[39m
[34m[39m
[08 Nov, 2024 - 22:02:24:224] [34minfo[39m: [34m📑 Visit the documentation at: http://localhost:8080[39m
[08 Nov, 2024 - 22:02:24:224] [34minfo[39m: [34m⚙️  Server is running on port: 8080[39m
[08 Nov, 2024 - 22:02:31:231] [31merror[39m: [31mchatMessageCommonAggregation is not defined[39m
[08 Nov, 2024 - 22:02:31:231] [35mhttp[39m: [35m::1 POST /api/v1/chat-app/messages/67211e2a6cebd3562482cd15 500 - 722.182 ms[39m
[08 Nov, 2024 - 22:02:48:248] [31merror[39m: [31mchatMessageCommonAggregation is not defined[39m
[08 Nov, 2024 - 22:02:48:248] [35mhttp[39m: [35m::1 POST /api/v1/chat-app/messages/67211e2a6cebd3562482cd15 500 - 604.994 ms[39m
[08 Nov, 2024 - 22:03:01:31] [34minfo[39m: [34m[39m
[34m☘️  MongoDB Connected! Db host: cluster0-shard-00-00.0h3go.mongodb.net[39m
[34m[39m
[08 Nov, 2024 - 22:03:01:31] [34minfo[39m: [34m📑 Visit the documentation at: http://localhost:8080[39m
[08 Nov, 2024 - 22:03:01:31] [34minfo[39m: [34m⚙️  Server is running on port: 8080[39m
[08 Nov, 2024 - 22:03:07:37] [31merror[39m: [31mchatMessageCommonAggregation is not defined[39m
[08 Nov, 2024 - 22:03:07:37] [35mhttp[39m: [35m::1 POST /api/v1/chat-app/messages/67211e2a6cebd3562482cd15 500 - 767.335 ms[39m
[08 Nov, 2024 - 22:03:21:321] [34minfo[39m: [34m[39m
[34m☘️  MongoDB Connected! Db host: cluster0-shard-00-00.0h3go.mongodb.net[39m
[34m[39m
[08 Nov, 2024 - 22:03:21:321] [34minfo[39m: [34m📑 Visit the documentation at: http://localhost:8080[39m
[08 Nov, 2024 - 22:03:21:321] [34minfo[39m: [34m⚙️  Server is running on port: 8080[39m
[08 Nov, 2024 - 22:03:25:325] [35mhttp[39m: [35m::1 POST /api/v1/chat-app/messages/67211e2a6cebd3562482cd15 201 - 639.397 ms[39m
[08 Nov, 2024 - 22:03:28:328] [31merror[39m: [31mError filtering content[39m
[08 Nov, 2024 - 22:03:28:328] [35mhttp[39m: [35m::1 POST /api/v1/chat-app/messages/67211e2a6cebd3562482cd15 500 - 274.146 ms[39m
[08 Nov, 2024 - 22:04:26:426] [34minfo[39m: [34m[39m
[34m☘️  MongoDB Connected! Db host: cluster0-shard-00-00.0h3go.mongodb.net[39m
[34m[39m
[08 Nov, 2024 - 22:04:26:426] [34minfo[39m: [34m📑 Visit the documentation at: http://localhost:8080[39m
[08 Nov, 2024 - 22:04:26:426] [34minfo[39m: [34m⚙️  Server is running on port: 8080[39m
[08 Nov, 2024 - 22:04:32:432] [35mhttp[39m: [35m::1 POST /api/v1/chat-app/messages/67211e2a6cebd3562482cd15 201 - 769.033 ms[39m
[08 Nov, 2024 - 22:04:35:435] [35mhttp[39m: [35m::1 POST /api/v1/chat-app/messages/67211e2a6cebd3562482cd15 201 - 348.701 ms[39m
[08 Nov, 2024 - 22:04:58:458] [35mhttp[39m: [35m::1 GET /api/v1/chat-app/chats 200 - 350.786 ms[39m
[08 Nov, 2024 - 22:04:58:458] [35mhttp[39m: [35m::1 GET /api/v1/chat-app/messages/67211e2a6cebd3562482cd15 200 - 403.371 ms[39m
[08 Nov, 2024 - 22:04:58:458] [35mhttp[39m: [35m::1 GET /api/v1/chat-app/chats 304 - 120.018 ms[39m
[08 Nov, 2024 - 22:04:58:458] [35mhttp[39m: [35m::1 GET /api/v1/chat-app/messages/67211e2a6cebd3562482cd15 304 - 142.888 ms[39m
[08 Nov, 2024 - 22:05:01:51] [35mhttp[39m: [35m::1 POST /api/v1/chat-app/messages/67211e2a6cebd3562482cd15 201 - 567.656 ms[39m
[08 Nov, 2024 - 22:07:14:714] [35mhttp[39m: [35m::1 POST /api/v1/chat-app/messages/67211e2a6cebd3562482cd15 201 - 707.100 ms[39m
[08 Nov, 2024 - 22:08:35:835] [34minfo[39m: [34m[39m
[34m☘️  MongoDB Connected! Db host: cluster0-shard-00-00.0h3go.mongodb.net[39m
[34m[39m
[08 Nov, 2024 - 22:08:35:835] [34minfo[39m: [34m📑 Visit the documentation at: http://localhost:8080[39m
[08 Nov, 2024 - 22:08:35:835] [34minfo[39m: [34m⚙️  Server is running on port: 8080[39m
[08 Nov, 2024 - 22:08:46:846] [35mhttp[39m: [35m::1 POST /api/v1/chat-app/messages/67211e2a6cebd3562482cd15 201 - 1207.360 ms[39m
[08 Nov, 2024 - 22:08:50:850] [31merror[39m: [31mError filtering content[39m
[08 Nov, 2024 - 22:08:50:850] [35mhttp[39m: [35m::1 POST /api/v1/chat-app/messages/67211e2a6cebd3562482cd15 500 - 168.781 ms[39m
[08 Nov, 2024 - 22:09:16:916] [34minfo[39m: [34m[39m
[34m☘️  MongoDB Connected! Db host: cluster0-shard-00-00.0h3go.mongodb.net[39m
[34m[39m
[08 Nov, 2024 - 22:09:16:916] [34minfo[39m: [34m📑 Visit the documentation at: http://localhost:8080[39m
[08 Nov, 2024 - 22:09:16:916] [34minfo[39m: [34m⚙️  Server is running on port: 8080[39m
[08 Nov, 2024 - 22:09:19:919] [35mhttp[39m: [35m::1 POST /api/v1/chat-app/messages/67211e2a6cebd3562482cd15 201 - 580.959 ms[39m
[08 Nov, 2024 - 22:14:03:143] [34minfo[39m: [34m[39m
[34m☘️  MongoDB Connected! Db host: cluster0-shard-00-00.0h3go.mongodb.net[39m
[34m[39m
[08 Nov, 2024 - 22:14:03:143] [34minfo[39m: [34m📑 Visit the documentation at: http://localhost:8080[39m
[08 Nov, 2024 - 22:14:03:143] [34minfo[39m: [34m⚙️  Server is running on port: 8080[39m
[08 Nov, 2024 - 22:14:09:149] [35mhttp[39m: [35m::1 POST /api/v1/chat-app/messages/67211e2a6cebd3562482cd15 201 - 681.167 ms[39m
[08 Nov, 2024 - 22:14:50:1450] [34minfo[39m: [34m[39m
[34m☘️  MongoDB Connected! Db host: cluster0-shard-00-00.0h3go.mongodb.net[39m
[34m[39m
[08 Nov, 2024 - 22:14:50:1450] [34minfo[39m: [34m📑 Visit the documentation at: http://localhost:8080[39m
[08 Nov, 2024 - 22:14:50:1450] [34minfo[39m: [34m⚙️  Server is running on port: 8080[39m
[08 Nov, 2024 - 22:14:54:1454] [35mhttp[39m: [35m::1 POST /api/v1/chat-app/messages/67211e2a6cebd3562482cd15 201 - 706.842 ms[39m
[08 Nov, 2024 - 22:14:59:1459] [35mhttp[39m: [35m::1 POST /api/v1/chat-app/messages/67211e2a6cebd3562482cd15 201 - 340.858 ms[39m
[08 Nov, 2024 - 22:16:34:1634] [34minfo[39m: [34m[39m
[34m☘️  MongoDB Connected! Db host: cluster0-shard-00-00.0h3go.mongodb.net[39m
[34m[39m
[08 Nov, 2024 - 22:16:34:1634] [34minfo[39m: [34m📑 Visit the documentation at: http://localhost:8080[39m
[08 Nov, 2024 - 22:16:34:1634] [34minfo[39m: [34m⚙️  Server is running on port: 8080[39m
[08 Nov, 2024 - 22:16:41:1641] [31merror[39m: [31mError filtering content[39m
[08 Nov, 2024 - 22:16:41:1641] [35mhttp[39m: [35m::1 POST /api/v1/chat-app/messages/67211e2a6cebd3562482cd15 500 - 466.984 ms[39m
[08 Nov, 2024 - 22:17:00:170] [34minfo[39m: [34m[39m
[34m☘️  MongoDB Connected! Db host: cluster0-shard-00-00.0h3go.mongodb.net[39m
[34m[39m
[08 Nov, 2024 - 22:17:00:170] [34minfo[39m: [34m📑 Visit the documentation at: http://localhost:8080[39m
[08 Nov, 2024 - 22:17:00:170] [34minfo[39m: [34m⚙️  Server is running on port: 8080[39m
[08 Nov, 2024 - 22:17:04:174] [35mhttp[39m: [35m::1 POST /api/v1/chat-app/messages/67211e2a6cebd3562482cd15 201 - 1277.066 ms[39m
[08 Nov, 2024 - 22:17:05:175] [35mhttp[39m: [35m::1 POST /api/v1/chat-app/messages/67211e2a6cebd3562482cd15 201 - 475.640 ms[39m
[08 Nov, 2024 - 22:17:49:1749] [34minfo[39m: [34m[39m
[34m☘️  MongoDB Connected! Db host: cluster0-shard-00-00.0h3go.mongodb.net[39m
[34m[39m
[08 Nov, 2024 - 22:17:49:1749] [34minfo[39m: [34m📑 Visit the documentation at: http://localhost:8080[39m
[08 Nov, 2024 - 22:17:49:1749] [34minfo[39m: [34m⚙️  Server is running on port: 8080[39m
[08 Nov, 2024 - 22:17:55:1755] [31merror[39m: [31mError filtering content[39m
[08 Nov, 2024 - 22:17:55:1755] [35mhttp[39m: [35m::1 POST /api/v1/chat-app/messages/67211e2a6cebd3562482cd15 500 - 705.987 ms[39m
[08 Nov, 2024 - 22:18:09:189] [34minfo[39m: [34m[39m
[34m☘️  MongoDB Connected! Db host: cluster0-shard-00-00.0h3go.mongodb.net[39m
[34m[39m
[08 Nov, 2024 - 22:18:09:189] [34minfo[39m: [34m📑 Visit the documentation at: http://localhost:8080[39m
[08 Nov, 2024 - 22:18:09:189] [34minfo[39m: [34m⚙️  Server is running on port: 8080[39m
[08 Nov, 2024 - 22:18:15:1815] [35mhttp[39m: [35m::1 POST /api/v1/chat-app/messages/67211e2a6cebd3562482cd15 201 - 2110.025 ms[39m
[08 Nov, 2024 - 22:18:16:1816] [35mhttp[39m: [35m::1 POST /api/v1/chat-app/messages/67211e2a6cebd3562482cd15 201 - 2219.264 ms[39m
[08 Nov, 2024 - 22:18:57:1857] [35mhttp[39m: [35m::1 POST /api/v1/chat-app/messages/67211e2a6cebd3562482cd15 201 - 625.076 ms[39m
[08 Nov, 2024 - 22:19:56:1956] [34minfo[39m: [34m[39m
[34m☘️  MongoDB Connected! Db host: cluster0-shard-00-00.0h3go.mongodb.net[39m
[34m[39m
[08 Nov, 2024 - 22:19:56:1956] [34minfo[39m: [34m📑 Visit the documentation at: http://localhost:8080[39m
[08 Nov, 2024 - 22:19:56:1956] [34minfo[39m: [34m⚙️  Server is running on port: 8080[39m
[08 Nov, 2024 - 22:19:58:1958] [34minfo[39m: [34m[39m
[34m☘️  MongoDB Connected! Db host: cluster0-shard-00-00.0h3go.mongodb.net[39m
[34m[39m
[08 Nov, 2024 - 22:19:58:1958] [34minfo[39m: [34m📑 Visit the documentation at: http://localhost:8080[39m
[08 Nov, 2024 - 22:19:58:1958] [34minfo[39m: [34m⚙️  Server is running on port: 8080[39m
[08 Nov, 2024 - 22:20:05:205] [35mhttp[39m: [35m::1 POST /api/v1/chat-app/messages/67211e2a6cebd3562482cd15 201 - 827.111 ms[39m
[08 Nov, 2024 - 22:22:50:2250] [34minfo[39m: [34m[39m
[34m☘️  MongoDB Connected! Db host: cluster0-shard-00-00.0h3go.mongodb.net[39m
[34m[39m
[08 Nov, 2024 - 22:22:50:2250] [34minfo[39m: [34m📑 Visit the documentation at: http://localhost:8080[39m
[08 Nov, 2024 - 22:22:50:2250] [34minfo[39m: [34m⚙️  Server is running on port: 8080[39m
[08 Nov, 2024 - 22:22:56:2256] [35mhttp[39m: [35m::1 POST /api/v1/chat-app/messages/67211e2a6cebd3562482cd15 201 - 686.412 ms[39m
[08 Nov, 2024 - 22:23:51:2351] [35mhttp[39m: [35m::1 POST /api/v1/chat-app/messages/67211e2a6cebd3562482cd15 201 - 1154.727 ms[39m
[08 Nov, 2024 - 22:26:28:2628] [34minfo[39m: [34m[39m
[34m☘️  MongoDB Connected! Db host: cluster0-shard-00-00.0h3go.mongodb.net[39m
[34m[39m
[08 Nov, 2024 - 22:26:28:2628] [34minfo[39m: [34m📑 Visit the documentation at: http://localhost:8080[39m
[08 Nov, 2024 - 22:26:28:2628] [34minfo[39m: [34m⚙️  Server is running on port: 8080[39m
[08 Nov, 2024 - 22:26:45:2645] [35mhttp[39m: [35m::1 POST /api/v1/chat-app/messages/67211e2a6cebd3562482cd15 201 - 5422.433 ms[39m
[08 Nov, 2024 - 22:26:52:2652] [35mhttp[39m: [35m::1 POST /api/v1/chat-app/messages/67211e2a6cebd3562482cd15 201 - 2505.956 ms[39m
[08 Nov, 2024 - 22:29:48:2948] [34minfo[39m: [34m[39m
[34m☘️  MongoDB Connected! Db host: cluster0-shard-00-00.0h3go.mongodb.net[39m
[34m[39m
[08 Nov, 2024 - 22:29:48:2948] [34minfo[39m: [34m📑 Visit the documentation at: http://localhost:8080[39m
[08 Nov, 2024 - 22:29:48:2948] [34minfo[39m: [34m⚙️  Server is running on port: 8080[39m
[08 Nov, 2024 - 22:29:56:2956] [35mhttp[39m: [35m::1 POST /api/v1/chat-app/messages/67211e2a6cebd3562482cd15 201 - 791.832 ms[39m
[08 Nov, 2024 - 22:30:59:3059] [34minfo[39m: [34m[39m
[34m☘️  MongoDB Connected! Db host: cluster0-shard-00-00.0h3go.mongodb.net[39m
[34m[39m
[08 Nov, 2024 - 22:30:59:3059] [34minfo[39m: [34m📑 Visit the documentation at: http://localhost:8080[39m
[08 Nov, 2024 - 22:30:59:3059] [34minfo[39m: [34m⚙️  Server is running on port: 8080[39m
[08 Nov, 2024 - 22:31:04:314] [35mhttp[39m: [35m::1 POST /api/v1/chat-app/messages/67211e2a6cebd3562482cd15 201 - 590.307 ms[39m
[08 Nov, 2024 - 22:31:32:3132] [34minfo[39m: [34m[39m
[34m☘️  MongoDB Connected! Db host: cluster0-shard-00-00.0h3go.mongodb.net[39m
[34m[39m
[08 Nov, 2024 - 22:31:32:3132] [34minfo[39m: [34m📑 Visit the documentation at: http://localhost:8080[39m
[08 Nov, 2024 - 22:31:32:3132] [34minfo[39m: [34m⚙️  Server is running on port: 8080[39m
[08 Nov, 2024 - 22:31:50:3150] [35mhttp[39m: [35m::1 POST /api/v1/chat-app/messages/67211e2a6cebd3562482cd15 201 - 690.284 ms[39m
[08 Nov, 2024 - 22:33:22:3322] [34minfo[39m: [34m[39m
[34m☘️  MongoDB Connected! Db host: cluster0-shard-00-00.0h3go.mongodb.net[39m
[34m[39m
[08 Nov, 2024 - 22:33:22:3322] [34minfo[39m: [34m📑 Visit the documentation at: http://localhost:8080[39m
[08 Nov, 2024 - 22:33:22:3322] [34minfo[39m: [34m⚙️  Server is running on port: 8080[39m
[08 Nov, 2024 - 22:33:28:3328] [35mhttp[39m: [35m::1 POST /api/v1/chat-app/messages/67211e2a6cebd3562482cd15 201 - 743.348 ms[39m
[08 Nov, 2024 - 22:37:27:3727] [34minfo[39m: [34m[39m
[34m☘️  MongoDB Connected! Db host: cluster0-shard-00-00.0h3go.mongodb.net[39m
[34m[39m
[08 Nov, 2024 - 22:37:27:3727] [34minfo[39m: [34m📑 Visit the documentation at: http://localhost:8080[39m
[08 Nov, 2024 - 22:37:27:3727] [34minfo[39m: [34m⚙️  Server is running on port: 8080[39m
[08 Nov, 2024 - 22:37:34:3734] [31merror[39m: [31mError filtering message with Hugging Face API[39m
[08 Nov, 2024 - 22:37:34:3734] [35mhttp[39m: [35m::1 POST /api/v1/chat-app/messages/67211e2a6cebd3562482cd15 500 - 467.605 ms[39m
[08 Nov, 2024 - 22:37:54:3754] [34minfo[39m: [34m[39m
[34m☘️  MongoDB Connected! Db host: cluster0-shard-00-00.0h3go.mongodb.net[39m
[34m[39m
[08 Nov, 2024 - 22:37:54:3754] [34minfo[39m: [34m📑 Visit the documentation at: http://localhost:8080[39m
[08 Nov, 2024 - 22:37:54:3754] [34minfo[39m: [34m⚙️  Server is running on port: 8080[39m
[08 Nov, 2024 - 22:37:55:3755] [35mhttp[39m: [35m::1 POST /api/v1/chat-app/messages/67211e2a6cebd3562482cd15 201 - 876.052 ms[39m
[08 Nov, 2024 - 22:38:03:383] [35mhttp[39m: [35m::1 POST /api/v1/chat-app/messages/67211e2a6cebd3562482cd15 201 - 559.034 ms[39m
[08 Nov, 2024 - 22:44:15:4415] [34minfo[39m: [34m[39m
[34m☘️  MongoDB Connected! Db host: cluster0-shard-00-00.0h3go.mongodb.net[39m
[34m[39m
[08 Nov, 2024 - 22:44:15:4415] [34minfo[39m: [34m📑 Visit the documentation at: http://localhost:8080[39m
[08 Nov, 2024 - 22:44:15:4415] [34minfo[39m: [34m⚙️  Server is running on port: 8080[39m
[08 Nov, 2024 - 22:44:24:4424] [31merror[39m: [31mError filtering message with Hugging Face API[39m
[08 Nov, 2024 - 22:44:24:4424] [35mhttp[39m: [35m::1 POST /api/v1/chat-app/messages/67211e2a6cebd3562482cd15 500 - 1038.239 ms[39m
[08 Nov, 2024 - 22:48:50:4850] [34minfo[39m: [34m[39m
[34m☘️  MongoDB Connected! Db host: cluster0-shard-00-00.0h3go.mongodb.net[39m
[34m[39m
[08 Nov, 2024 - 22:48:50:4850] [34minfo[39m: [34m📑 Visit the documentation at: http://localhost:8080[39m
[08 Nov, 2024 - 22:48:50:4850] [34minfo[39m: [34m⚙️  Server is running on port: 8080[39m
[08 Nov, 2024 - 22:48:54:4854] [31merror[39m: [31mError filtering message with Hugging Face API[39m
[08 Nov, 2024 - 22:48:54:4854] [35mhttp[39m: [35m::1 POST /api/v1/chat-app/messages/67211e2a6cebd3562482cd15 500 - 444.125 ms[39m
[08 Nov, 2024 - 22:49:08:498] [34minfo[39m: [34m[39m
[34m☘️  MongoDB Connected! Db host: cluster0-shard-00-00.0h3go.mongodb.net[39m
[34m[39m
[08 Nov, 2024 - 22:49:08:498] [34minfo[39m: [34m📑 Visit the documentation at: http://localhost:8080[39m
[08 Nov, 2024 - 22:49:08:498] [34minfo[39m: [34m⚙️  Server is running on port: 8080[39m
[08 Nov, 2024 - 22:49:12:4912] [35mhttp[39m: [35m::1 POST /api/v1/chat-app/messages/67211e2a6cebd3562482cd15 201 - 626.552 ms[39m
[08 Nov, 2024 - 22:53:06:536] [34minfo[39m: [34m[39m
[34m☘️  MongoDB Connected! Db host: cluster0-shard-00-00.0h3go.mongodb.net[39m
[34m[39m
[08 Nov, 2024 - 22:53:06:536] [34minfo[39m: [34m📑 Visit the documentation at: http://localhost:8080[39m
[08 Nov, 2024 - 22:53:06:536] [34minfo[39m: [34m⚙️  Server is running on port: 8080[39m
[08 Nov, 2024 - 22:53:08:538] [31merror[39m: [31mchatMessageCommonAggregation is not defined[39m
[08 Nov, 2024 - 22:53:08:538] [35mhttp[39m: [35m::1 POST /api/v1/chat-app/messages/67211e2a6cebd3562482cd15 500 - 557.076 ms[39m
[08 Nov, 2024 - 22:55:05:555] [34minfo[39m: [34m[39m
[34m☘️  MongoDB Connected! Db host: cluster0-shard-00-00.0h3go.mongodb.net[39m
[34m[39m
[08 Nov, 2024 - 22:55:05:555] [34minfo[39m: [34m📑 Visit the documentation at: http://localhost:8080[39m
[08 Nov, 2024 - 22:55:05:555] [34minfo[39m: [34m⚙️  Server is running on port: 8080[39m
[08 Nov, 2024 - 22:55:10:5510] [35mhttp[39m: [35m::1 POST /api/v1/chat-app/messages/67211e2a6cebd3562482cd15 201 - 1339.422 ms[39m
[08 Nov, 2024 - 22:55:11:5511] [35mhttp[39m: [35m::1 POST /api/v1/chat-app/messages/67211e2a6cebd3562482cd15 201 - 576.522 ms[39m
[08 Nov, 2024 - 22:55:51:5551] [34minfo[39m: [34m[39m
[34m☘️  MongoDB Connected! Db host: cluster0-shard-00-00.0h3go.mongodb.net[39m
[34m[39m
[08 Nov, 2024 - 22:55:51:5551] [34minfo[39m: [34m📑 Visit the documentation at: http://localhost:8080[39m
[08 Nov, 2024 - 22:55:51:5551] [34minfo[39m: [34m⚙️  Server is running on port: 8080[39m
[08 Nov, 2024 - 22:55:58:5558] [31merror[39m: [31mchatMessageCommonAggregation is not defined[39m
[08 Nov, 2024 - 22:55:58:5558] [35mhttp[39m: [35m::1 POST /api/v1/chat-app/messages/67211e2a6cebd3562482cd15 500 - 1458.679 ms[39m
[08 Nov, 2024 - 22:56:07:567] [34minfo[39m: [34m[39m
[34m☘️  MongoDB Connected! Db host: cluster0-shard-00-00.0h3go.mongodb.net[39m
[34m[39m
[08 Nov, 2024 - 22:56:07:567] [34minfo[39m: [34m📑 Visit the documentation at: http://localhost:8080[39m
[08 Nov, 2024 - 22:56:07:567] [34minfo[39m: [34m⚙️  Server is running on port: 8080[39m
[08 Nov, 2024 - 22:56:10:5610] [35mhttp[39m: [35m::1 POST /api/v1/chat-app/messages/67211e2a6cebd3562482cd15 201 - 1952.770 ms[39m
[08 Nov, 2024 - 22:56:28:5628] [34minfo[39m: [34m[39m
[34m☘️  MongoDB Connected! Db host: cluster0-shard-00-00.0h3go.mongodb.net[39m
[34m[39m
[08 Nov, 2024 - 22:56:28:5628] [34minfo[39m: [34m📑 Visit the documentation at: http://localhost:8080[39m
[08 Nov, 2024 - 22:56:28:5628] [34minfo[39m: [34m⚙️  Server is running on port: 8080[39m
[08 Nov, 2024 - 22:56:32:5632] [35mhttp[39m: [35m::1 POST /api/v1/chat-app/messages/67211e2a6cebd3562482cd15 201 - 637.448 ms[39m
[08 Nov, 2024 - 22:56:47:5647] [34minfo[39m: [34m[39m
[34m☘️  MongoDB Connected! Db host: cluster0-shard-00-00.0h3go.mongodb.net[39m
[34m[39m
[08 Nov, 2024 - 22:56:47:5647] [34minfo[39m: [34m📑 Visit the documentation at: http://localhost:8080[39m
[08 Nov, 2024 - 22:56:47:5647] [34minfo[39m: [34m⚙️  Server is running on port: 8080[39m
[08 Nov, 2024 - 22:56:56:5656] [35mhttp[39m: [35m::1 POST /api/v1/chat-app/messages/67211e2a6cebd3562482cd15 201 - 761.679 ms[39m
[08 Nov, 2024 - 22:57:13:5713] [34minfo[39m: [34m[39m
[34m☘️  MongoDB Connected! Db host: cluster0-shard-00-00.0h3go.mongodb.net[39m
[34m[39m
[08 Nov, 2024 - 22:57:13:5713] [34minfo[39m: [34m📑 Visit the documentation at: http://localhost:8080[39m
[08 Nov, 2024 - 22:57:13:5713] [34minfo[39m: [34m⚙️  Server is running on port: 8080[39m
[08 Nov, 2024 - 22:57:41:5741] [34minfo[39m: [34m[39m
[34m☘️  MongoDB Connected! Db host: cluster0-shard-00-00.0h3go.mongodb.net[39m
[34m[39m
[08 Nov, 2024 - 22:57:41:5741] [34minfo[39m: [34m📑 Visit the documentation at: http://localhost:8080[39m
[08 Nov, 2024 - 22:57:41:5741] [34minfo[39m: [34m⚙️  Server is running on port: 8080[39m
[08 Nov, 2024 - 22:57:46:5746] [35mhttp[39m: [35m::1 POST /api/v1/chat-app/messages/67211e2a6cebd3562482cd15 201 - 862.983 ms[39m
[08 Nov, 2024 - 22:59:54:5954] [34minfo[39m: [34m[39m
[34m☘️  MongoDB Connected! Db host: cluster0-shard-00-00.0h3go.mongodb.net[39m
[34m[39m
[08 Nov, 2024 - 22:59:54:5954] [34minfo[39m: [34m📑 Visit the documentation at: http://localhost:8080[39m
[08 Nov, 2024 - 22:59:54:5954] [34minfo[39m: [34m⚙️  Server is running on port: 8080[39m
[08 Nov, 2024 - 22:59:59:5959] [35mhttp[39m: [35m::1 POST /api/v1/chat-app/messages/67211e2a6cebd3562482cd15 201 - 2031.367 ms[39m
[08 Nov, 2024 - 23:00:54:054] [34minfo[39m: [34m[39m
[34m☘️  MongoDB Connected! Db host: cluster0-shard-00-00.0h3go.mongodb.net[39m
[34m[39m
[08 Nov, 2024 - 23:00:54:054] [34minfo[39m: [34m📑 Visit the documentation at: http://localhost:8080[39m
[08 Nov, 2024 - 23:00:54:054] [34minfo[39m: [34m⚙️  Server is running on port: 8080[39m
[08 Nov, 2024 - 23:00:59:059] [35mhttp[39m: [35m::1 POST /api/v1/chat-app/messages/67211e2a6cebd3562482cd15 201 - 1540.646 ms[39m
[08 Nov, 2024 - 23:01:02:12] [31merror[39m: [31mMessage content or attachment is required[39m
[08 Nov, 2024 - 23:01:02:12] [35mhttp[39m: [35m::1 POST /api/v1/chat-app/messages/67211e2a6cebd3562482cd15 400 - 41.747 ms[39m
[08 Nov, 2024 - 23:01:09:19] [31merror[39m: [31mMessage content or attachment is required[39m
[08 Nov, 2024 - 23:01:09:19] [35mhttp[39m: [35m::1 POST /api/v1/chat-app/messages/67211e2a6cebd3562482cd15 400 - 75.350 ms[39m
[08 Nov, 2024 - 23:01:22:122] [34minfo[39m: [34m[39m
[34m☘️  MongoDB Connected! Db host: cluster0-shard-00-00.0h3go.mongodb.net[39m
[34m[39m
[08 Nov, 2024 - 23:01:22:122] [34minfo[39m: [34m📑 Visit the documentation at: http://localhost:8080[39m
[08 Nov, 2024 - 23:01:22:122] [34minfo[39m: [34m⚙️  Server is running on port: 8080[39m
[08 Nov, 2024 - 23:01:25:125] [35mhttp[39m: [35m::1 POST /api/v1/chat-app/messages/67211e2a6cebd3562482cd15 201 - 2684.541 ms[39m
[08 Nov, 2024 - 23:01:36:136] [34minfo[39m: [34m[39m
[34m☘️  MongoDB Connected! Db host: cluster0-shard-00-00.0h3go.mongodb.net[39m
[34m[39m
[08 Nov, 2024 - 23:01:36:136] [34minfo[39m: [34m📑 Visit the documentation at: http://localhost:8080[39m
[08 Nov, 2024 - 23:01:36:136] [34minfo[39m: [34m⚙️  Server is running on port: 8080[39m
[08 Nov, 2024 - 23:01:42:142] [35mhttp[39m: [35m::1 POST /api/v1/chat-app/messages/67211e2a6cebd3562482cd15 201 - 2400.326 ms[39m
[08 Nov, 2024 - 23:02:12:212] [34minfo[39m: [34m[39m
[34m☘️  MongoDB Connected! Db host: cluster0-shard-00-00.0h3go.mongodb.net[39m
[34m[39m
[08 Nov, 2024 - 23:02:12:212] [34minfo[39m: [34m📑 Visit the documentation at: http://localhost:8080[39m
[08 Nov, 2024 - 23:02:12:212] [34minfo[39m: [34m⚙️  Server is running on port: 8080[39m
[08 Nov, 2024 - 23:02:14:214] [31merror[39m: [31mError filtering message with Hugging Face API[39m
[08 Nov, 2024 - 23:02:14:214] [35mhttp[39m: [35m::1 POST /api/v1/chat-app/messages/67211e2a6cebd3562482cd15 500 - 1753.186 ms[39m
[08 Nov, 2024 - 23:04:35:435] [34minfo[39m: [34m[39m
[34m☘️  MongoDB Connected! Db host: cluster0-shard-00-00.0h3go.mongodb.net[39m
[34m[39m
[08 Nov, 2024 - 23:04:35:435] [34minfo[39m: [34m📑 Visit the documentation at: http://localhost:8080[39m
[08 Nov, 2024 - 23:04:35:435] [34minfo[39m: [34m⚙️  Server is running on port: 8080[39m
[08 Nov, 2024 - 23:04:41:441] [31merror[39m: [31mError filtering message with Hugging Face API[39m
[08 Nov, 2024 - 23:04:41:441] [35mhttp[39m: [35m::1 POST /api/v1/chat-app/messages/67211e2a6cebd3562482cd15 500 - 438.937 ms[39m
[08 Nov, 2024 - 23:07:35:735] [34minfo[39m: [34m[39m
[34m☘️  MongoDB Connected! Db host: cluster0-shard-00-00.0h3go.mongodb.net[39m
[34m[39m
[08 Nov, 2024 - 23:07:35:735] [34minfo[39m: [34m📑 Visit the documentation at: http://localhost:8080[39m
[08 Nov, 2024 - 23:07:35:735] [34minfo[39m: [34m⚙️  Server is running on port: 8080[39m
[08 Nov, 2024 - 23:07:40:740] [35mhttp[39m: [35m::1 POST /api/v1/chat-app/messages/67211e2a6cebd3562482cd15 201 - 876.428 ms[39m
[08 Nov, 2024 - 23:08:18:818] [34minfo[39m: [34m[39m
[34m☘️  MongoDB Connected! Db host: cluster0-shard-00-00.0h3go.mongodb.net[39m
[34m[39m
[08 Nov, 2024 - 23:08:18:818] [34minfo[39m: [34m📑 Visit the documentation at: http://localhost:8080[39m
[08 Nov, 2024 - 23:08:18:818] [34minfo[39m: [34m⚙️  Server is running on port: 8080[39m
[08 Nov, 2024 - 23:08:30:830] [34minfo[39m: [34m[39m
[34m☘️  MongoDB Connected! Db host: cluster0-shard-00-00.0h3go.mongodb.net[39m
[34m[39m
[08 Nov, 2024 - 23:08:30:830] [34minfo[39m: [34m📑 Visit the documentation at: http://localhost:8080[39m
[08 Nov, 2024 - 23:08:30:830] [34minfo[39m: [34m⚙️  Server is running on port: 8080[39m
[08 Nov, 2024 - 23:08:35:835] [35mhttp[39m: [35m::1 POST /api/v1/chat-app/messages/67211e2a6cebd3562482cd15 201 - 572.733 ms[39m
[08 Nov, 2024 - 23:10:22:1022] [34minfo[39m: [34m[39m
[34m☘️  MongoDB Connected! Db host: cluster0-shard-00-00.0h3go.mongodb.net[39m
[34m[39m
[08 Nov, 2024 - 23:10:22:1022] [34minfo[39m: [34m📑 Visit the documentation at: http://localhost:8080[39m
[08 Nov, 2024 - 23:10:22:1022] [34minfo[39m: [34m⚙️  Server is running on port: 8080[39m
[08 Nov, 2024 - 23:10:30:1030] [35mhttp[39m: [35m::1 POST /api/v1/chat-app/messages/67211e2a6cebd3562482cd15 201 - 1414.654 ms[39m
[08 Nov, 2024 - 23:11:05:115] [34minfo[39m: [34m[39m
[34m☘️  MongoDB Connected! Db host: cluster0-shard-00-00.0h3go.mongodb.net[39m
[34m[39m
[08 Nov, 2024 - 23:11:05:115] [34minfo[39m: [34m📑 Visit the documentation at: http://localhost:8080[39m
[08 Nov, 2024 - 23:11:05:115] [34minfo[39m: [34m⚙️  Server is running on port: 8080[39m
[08 Nov, 2024 - 23:14:00:140] [34minfo[39m: [34m[39m
[34m☘️  MongoDB Connected! Db host: cluster0-shard-00-00.0h3go.mongodb.net[39m
[34m[39m
[08 Nov, 2024 - 23:14:00:140] [34minfo[39m: [34m📑 Visit the documentation at: http://localhost:8080[39m
[08 Nov, 2024 - 23:14:00:140] [34minfo[39m: [34m⚙️  Server is running on port: 8080[39m
[08 Nov, 2024 - 23:14:07:147] [35mhttp[39m: [35m::1 POST /api/v1/chat-app/messages/67211e2a6cebd3562482cd15 400 - 939.703 ms[39m
[08 Nov, 2024 - 23:15:28:1528] [34minfo[39m: [34m[39m
[34m☘️  MongoDB Connected! Db host: cluster0-shard-00-00.0h3go.mongodb.net[39m
[34m[39m
[08 Nov, 2024 - 23:15:29:1529] [34minfo[39m: [34m📑 Visit the documentation at: http://localhost:8080[39m
[08 Nov, 2024 - 23:15:29:1529] [34minfo[39m: [34m⚙️  Server is running on port: 8080[39m
[08 Nov, 2024 - 23:15:35:1535] [35mhttp[39m: [35m::1 POST /api/v1/chat-app/messages/67211e2a6cebd3562482cd15 201 - 1097.610 ms[39m
[08 Nov, 2024 - 23:16:04:164] [35mhttp[39m: [35m::1 POST /api/v1/chat-app/messages/67211e2a6cebd3562482cd15 201 - 1553.738 ms[39m
[08 Nov, 2024 - 23:16:12:1612] [35mhttp[39m: [35m::1 POST /api/v1/chat-app/messages/67211e2a6cebd3562482cd15 201 - 1429.794 ms[39m
[08 Nov, 2024 - 23:16:24:1624] [35mhttp[39m: [35m::1 POST /api/v1/chat-app/messages/67211e2a6cebd3562482cd15 201 - 1957.600 ms[39m
[08 Nov, 2024 - 23:16:35:1635] [35mhttp[39m: [35m::1 POST /api/v1/chat-app/messages/67211e2a6cebd3562482cd15 201 - 1353.364 ms[39m
[08 Nov, 2024 - 23:19:10:1910] [35mhttp[39m: [35m::1 POST /api/v1/chat-app/messages/67211e2a6cebd3562482cd15 201 - 3583.480 ms[39m
[08 Nov, 2024 - 23:19:59:1959] [31merror[39m: [31mError filtering content[39m
[08 Nov, 2024 - 23:19:59:1959] [35mhttp[39m: [35m::1 POST /api/v1/chat-app/messages/67211e2a6cebd3562482cd15 500 - 576.380 ms[39m
[08 Nov, 2024 - 23:20:10:2010] [35mhttp[39m: [35m::1 POST /api/v1/chat-app/messages/67211e2a6cebd3562482cd15 201 - 1390.276 ms[39m
[08 Nov, 2024 - 23:22:32:2232] [34minfo[39m: [34m[39m
[34m☘️  MongoDB Connected! Db host: cluster0-shard-00-00.0h3go.mongodb.net[39m
[34m[39m
[08 Nov, 2024 - 23:22:32:2232] [34minfo[39m: [34m📑 Visit the documentation at: http://localhost:8080[39m
[08 Nov, 2024 - 23:22:32:2232] [34minfo[39m: [34m⚙️  Server is running on port: 8080[39m
[08 Nov, 2024 - 23:22:37:2237] [35mhttp[39m: [35m::1 POST /api/v1/chat-app/messages/67211e2a6cebd3562482cd15 201 - 1411.618 ms[39m
[08 Nov, 2024 - 23:22:50:2250] [34minfo[39m: [34m[39m
[34m☘️  MongoDB Connected! Db host: cluster0-shard-00-00.0h3go.mongodb.net[39m
[34m[39m
[08 Nov, 2024 - 23:22:50:2250] [34minfo[39m: [34m📑 Visit the documentation at: http://localhost:8080[39m
[08 Nov, 2024 - 23:22:50:2250] [34minfo[39m: [34m⚙️  Server is running on port: 8080[39m
[08 Nov, 2024 - 23:23:39:2339] [34minfo[39m: [34m[39m
[34m☘️  MongoDB Connected! Db host: cluster0-shard-00-00.0h3go.mongodb.net[39m
[34m[39m
[08 Nov, 2024 - 23:23:39:2339] [34minfo[39m: [34m📑 Visit the documentation at: http://localhost:8080[39m
[08 Nov, 2024 - 23:23:39:2339] [34minfo[39m: [34m⚙️  Server is running on port: 8080[39m
[10 Nov, 2024 - 23:35:36:3536] [34minfo[39m: [34m[39m
[34m☘️  MongoDB Connected! Db host: cluster0-shard-00-02.0h3go.mongodb.net[39m
[34m[39m
[10 Nov, 2024 - 23:35:36:3536] [34minfo[39m: [34m📑 Visit the documentation at: http://localhost:8080[39m
[10 Nov, 2024 - 23:35:36:3536] [34minfo[39m: [34m⚙️  Server is running on port: 8080[39m
[10 Nov, 2024 - 23:38:49:3849] [31merror[39m: [31mjwt expired[39m
[10 Nov, 2024 - 23:38:49:3849] [31merror[39m: [31mjwt expired[39m
[10 Nov, 2024 - 23:38:49:3849] [35mhttp[39m: [35m::1 GET /api/v1/chat-app/chats 401 - 91.287 ms[39m
[10 Nov, 2024 - 23:38:49:3849] [35mhttp[39m: [35m::1 GET /api/v1/chat-app/messages/672ea0b3af4a8bc77f0b3a43 401 - 17.580 ms[39m
[10 Nov, 2024 - 23:38:49:3849] [31merror[39m: [31mjwt expired[39m
[10 Nov, 2024 - 23:38:49:3849] [31merror[39m: [31mjwt expired[39m
[10 Nov, 2024 - 23:38:49:3849] [35mhttp[39m: [35m::1 GET /api/v1/chat-app/chats 401 - 15.009 ms[39m
[10 Nov, 2024 - 23:38:49:3849] [35mhttp[39m: [35m::1 GET /api/v1/chat-app/messages/672ea0b3af4a8bc77f0b3a43 401 - 26.823 ms[39m
[10 Nov, 2024 - 23:39:11:3911] [31merror[39m: [31mInvalid user credentials[39m
[10 Nov, 2024 - 23:39:11:3911] [35mhttp[39m: [35m::1 POST /api/v1/users/login 401 - 978.819 ms[39m
[10 Nov, 2024 - 23:39:39:3939] [31merror[39m: [31mInvalid user credentials[39m
[10 Nov, 2024 - 23:39:39:3939] [35mhttp[39m: [35m::1 POST /api/v1/users/login 401 - 492.329 ms[39m
[10 Nov, 2024 - 23:40:04:404] [31merror[39m: [31mInvalid user credentials[39m
[10 Nov, 2024 - 23:40:04:404] [35mhttp[39m: [35m::1 POST /api/v1/users/login 401 - 570.311 ms[39m
[10 Nov, 2024 - 23:40:21:4021] [31merror[39m: [31mUser does not exist[39m
[10 Nov, 2024 - 23:40:21:4021] [35mhttp[39m: [35m::1 POST /api/v1/users/login 404 - 302.841 ms[39m
[10 Nov, 2024 - 23:40:51:4051] [31merror[39m: [31mEmail service failed silently. Make sure you have provided your MAILTRAP credentials in the .env file[39m
[10 Nov, 2024 - 23:40:51:4051] [31merror[39m: [31mError:  getaddrinfo ENOTFOUND __mailtrap_smtp_host__[39m
[10 Nov, 2024 - 23:40:51:4051] [35mhttp[39m: [35m::1 POST /api/v1/users/register 201 - 3707.135 ms[39m
[10 Nov, 2024 - 23:41:05:415] [35mhttp[39m: [35m::1 POST /api/v1/users/login 200 - 1292.218 ms[39m
[10 Nov, 2024 - 23:41:05:415] [35mhttp[39m: [35m::1 GET /api/v1/chat-app/chats 200 - 383.445 ms[39m
[10 Nov, 2024 - 23:41:06:416] [35mhttp[39m: [35m::1 GET /api/v1/chat-app/chats 304 - 249.130 ms[39m
[10 Nov, 2024 - 23:42:21:4221] [31merror[39m: [31mEmail service failed silently. Make sure you have provided your MAILTRAP credentials in the .env file[39m
[10 Nov, 2024 - 23:42:21:4221] [31merror[39m: [31mError:  getaddrinfo ENOTFOUND __mailtrap_smtp_host__[39m
[10 Nov, 2024 - 23:42:21:4221] [35mhttp[39m: [35m::1 POST /api/v1/users/register 201 - 4141.592 ms[39m
[10 Nov, 2024 - 23:42:41:4241] [35mhttp[39m: [35m::1 POST /api/v1/users/login 200 - 1338.864 ms[39m
[10 Nov, 2024 - 23:42:42:4242] [35mhttp[39m: [35m::1 GET /api/v1/chat-app/chats 200 - 495.878 ms[39m
[10 Nov, 2024 - 23:42:42:4242] [35mhttp[39m: [35m::1 GET /api/v1/chat-app/chats 304 - 390.375 ms[39m
[10 Nov, 2024 - 23:43:51:4351] [35mhttp[39m: [35m::1 GET /api/v1/chat-app/chats/users 200 - 810.234 ms[39m
[10 Nov, 2024 - 23:44:02:442] [35mhttp[39m: [35m::1 POST /api/v1/chat-app/chats/c/673144d9d6ea423215c87bd7 201 - 1489.230 ms[39m
[10 Nov, 2024 - 23:44:03:443] [35mhttp[39m: [35m::1 GET /api/v1/chat-app/chats 200 - 470.969 ms[39m
[10 Nov, 2024 - 23:44:11:4411] [35mhttp[39m: [35m::1 GET /api/v1/chat-app/messages/67314541d6ea423215c87c07 200 - 490.378 ms[39m
[10 Nov, 2024 - 23:44:28:4428] [35mhttp[39m: [35m::1 POST /api/v1/chat-app/messages/67314541d6ea423215c87c07 201 - 3133.409 ms[39m
[10 Nov, 2024 - 23:44:39:4439] [35mhttp[39m: [35m::1 GET /api/v1/chat-app/messages/67314541d6ea423215c87c07 200 - 559.589 ms[39m
[10 Nov, 2024 - 23:44:54:4454] [35mhttp[39m: [35m::1 POST /api/v1/chat-app/messages/67314541d6ea423215c87c07 201 - 1852.051 ms[39m
[10 Nov, 2024 - 23:45:25:4525] [35mhttp[39m: [35m::1 POST /api/v1/chat-app/messages/67314541d6ea423215c87c07 201 - 2408.002 ms[39m
[10 Nov, 2024 - 23:45:45:4545] [35mhttp[39m: [35m::1 POST /api/v1/chat-app/messages/67314541d6ea423215c87c07 201 - 1984.863 ms[39m
[10 Nov, 2024 - 23:46:01:461] [35mhttp[39m: [35m::1 POST /api/v1/chat-app/messages/67314541d6ea423215c87c07 201 - 2257.659 ms[39m
[10 Nov, 2024 - 23:46:30:4630] [35mhttp[39m: [35m::1 POST /api/v1/chat-app/messages/67314541d6ea423215c87c07 201 - 2332.091 ms[39m
[10 Nov, 2024 - 23:46:47:4647] [35mhttp[39m: [35m::1 POST /api/v1/chat-app/messages/67314541d6ea423215c87c07 201 - 2112.409 ms[39m
[10 Nov, 2024 - 23:46:56:4656] [35mhttp[39m: [35m::1 POST /api/v1/chat-app/messages/67314541d6ea423215c87c07 201 - 2086.341 ms[39m
[11 Nov, 2024 - 12:51:35:5135] [31merror[39m: [31m78200000:error:0A000438:SSL routines:ssl3_read_bytes:tlsv1 alert internal error:c:\ws\deps\openssl\openssl\ssl\record\rec_layer_s3.c:1605:SSL alert number 80[39m
[31m[39m
[11 Nov, 2024 - 12:51:35:5135] [35mhttp[39m: [35m::1 GET /api/v1/chat-app/chats 401 - 30219.319 ms[39m
[11 Nov, 2024 - 12:51:36:5136] [31merror[39m: [31m78200000:error:0A000438:SSL routines:ssl3_read_bytes:tlsv1 alert internal error:c:\ws\deps\openssl\openssl\ssl\record\rec_layer_s3.c:1605:SSL alert number 80[39m
[31m[39m
[11 Nov, 2024 - 12:51:36:5136] [35mhttp[39m: [35m::1 GET /api/v1/chat-app/messages/67314541d6ea423215c87c07 401 - 30213.678 ms[39m
[11 Nov, 2024 - 12:51:48:5148] [31merror[39m: [31m78200000:error:0A000438:SSL routines:ssl3_read_bytes:tlsv1 alert internal error:c:\ws\deps\openssl\openssl\ssl\record\rec_layer_s3.c:1605:SSL alert number 80[39m
[31m[39m
[11 Nov, 2024 - 12:51:48:5148] [35mhttp[39m: [35m::1 GET /api/v1/chat-app/chats 401 - 30023.589 ms[39m
[11 Nov, 2024 - 12:51:48:5148] [31merror[39m: [31m78200000:error:0A000438:SSL routines:ssl3_read_bytes:tlsv1 alert internal error:c:\ws\deps\openssl\openssl\ssl\record\rec_layer_s3.c:1605:SSL alert number 80[39m
[31m[39m
[11 Nov, 2024 - 12:51:48:5148] [35mhttp[39m: [35m::1 GET /api/v1/chat-app/messages/67314541d6ea423215c87c07 401 - 30020.529 ms[39m
[11 Nov, 2024 - 12:51:50:5150] [35mhttp[39m: [35m::1 GET /api/v1/chat-app/chats - - - ms[39m
[11 Nov, 2024 - 12:51:50:5150] [35mhttp[39m: [35m::1 GET /api/v1/chat-app/messages/67314541d6ea423215c87c07 - - - ms[39m
[11 Nov, 2024 - 12:51:55:5155] [31merror[39m: [31m78200000:error:0A000438:SSL routines:ssl3_read_bytes:tlsv1 alert internal error:c:\ws\deps\openssl\openssl\ssl\record\rec_layer_s3.c:1605:SSL alert number 80[39m
[31m[39m
[11 Nov, 2024 - 12:51:55:5155] [31merror[39m: [31m78200000:error:0A000438:SSL routines:ssl3_read_bytes:tlsv1 alert internal error:c:\ws\deps\openssl\openssl\ssl\record\rec_layer_s3.c:1605:SSL alert number 80[39m
[31m[39m
[11 Nov, 2024 - 12:51:55:5155] [35mhttp[39m: [35m::1 GET /api/v1/chat-app/chats 401 - 30022.622 ms[39m
[11 Nov, 2024 - 12:51:55:5155] [35mhttp[39m: [35m::1 GET /api/v1/chat-app/messages/67314541d6ea423215c87c07 401 - 30027.107 ms[39m
[11 Nov, 2024 - 12:52:08:528] [31merror[39m: [31m78200000:error:0A000438:SSL routines:ssl3_read_bytes:tlsv1 alert internal error:c:\ws\deps\openssl\openssl\ssl\record\rec_layer_s3.c:1605:SSL alert number 80[39m
[31m[39m
[11 Nov, 2024 - 12:52:08:528] [31merror[39m: [31m78200000:error:0A000438:SSL routines:ssl3_read_bytes:tlsv1 alert internal error:c:\ws\deps\openssl\openssl\ssl\record\rec_layer_s3.c:1605:SSL alert number 80[39m
[31m[39m
[18 Nov, 2024 - 15:30:07:307] [31merror[39m: [31mjwt expired[39m
[18 Nov, 2024 - 15:30:07:307] [35mhttp[39m: [35m::1 GET /api/v1/chat-app/chats 401 - 187.120 ms[39m
[18 Nov, 2024 - 15:30:07:307] [31merror[39m: [31mjwt expired[39m
[18 Nov, 2024 - 15:30:07:307] [35mhttp[39m: [35m::1 GET /api/v1/chat-app/chats 401 - 14.490 ms[39m
[18 Nov, 2024 - 15:30:54:3054] [31merror[39m: [31m78200000:error:0A000438:SSL routines:ssl3_read_bytes:tlsv1 alert internal error:c:\ws\deps\openssl\openssl\ssl\record\rec_layer_s3.c:1605:SSL alert number 80[39m
[31m[39m
[18 Nov, 2024 - 15:30:54:3054] [35mhttp[39m: [35m::1 POST /api/v1/users/login 500 - 30329.558 ms[39m
[18 Nov, 2024 - 15:39:04:394] [31merror[39m: [31m78200000:error:0A000438:SSL routines:ssl3_read_bytes:tlsv1 alert internal error:c:\ws\deps\openssl\openssl\ssl\record\rec_layer_s3.c:1605:SSL alert number 80[39m
[31m[39m
[18 Nov, 2024 - 15:39:04:394] [35mhttp[39m: [35m::1 POST /api/v1/users/login 500 - 30346.151 ms[39m
[18 Nov, 2024 - 15:42:07:427] [31merror[39m: [31m78200000:error:0A000438:SSL routines:ssl3_read_bytes:tlsv1 alert internal error:c:\ws\deps\openssl\openssl\ssl\record\rec_layer_s3.c:1605:SSL alert number 80[39m
[31m[39m
[18 Nov, 2024 - 15:42:07:427] [35mhttp[39m: [35m::1 POST /api/v1/users/login 500 - 30240.079 ms[39m
[18 Nov, 2024 - 15:47:46:4746] [31merror[39m: [31m78200000:error:0A000438:SSL routines:ssl3_read_bytes:tlsv1 alert internal error:c:\ws\deps\openssl\openssl\ssl\record\rec_layer_s3.c:1605:SSL alert number 80[39m
[31m[39m
[18 Nov, 2024 - 15:47:46:4746] [35mhttp[39m: [35m::1 POST /api/v1/users/login 500 - 30458.972 ms[39m
[18 Nov, 2024 - 15:48:11:4811] [35mhttp[39m: [35m::1 GET / 200 - 142.853 ms[39m
[18 Nov, 2024 - 15:48:16:4816] [35mhttp[39m: [35m::1 GET /favicon-32x32.png 200 - 184.713 ms[39m
[18 Nov, 2024 - 15:48:20:4820] [35mhttp[39m: [35m::1 GET / 304 - 47.953 ms[39m
[18 Nov, 2024 - 15:48:20:4820] [35mhttp[39m: [35m::1 GET /swagger-ui-init.js 304 - 60.842 ms[39m
[18 Nov, 2024 - 15:48:21:4821] [35mhttp[39m: [35m::1 GET /swagger-ui.css 200 - 38.392 ms[39m
[18 Nov, 2024 - 15:48:21:4821] [35mhttp[39m: [35m::1 GET /swagger-ui-standalone-preset.js 200 - 132.585 ms[39m
[18 Nov, 2024 - 15:48:21:4821] [35mhttp[39m: [35m::1 GET /swagger-ui-bundle.js 200 - 178.482 ms[39m
[18 Nov, 2024 - 15:48:22:4822] [35mhttp[39m: [35m::1 GET /favicon-32x32.png 304 - 27.921 ms[39m
[18 Nov, 2024 - 16:04:01:41] [35mhttp[39m: [35m::1 GET /swagger-ui-init.js 304 - 176.910 ms[39m
[18 Nov, 2024 - 16:04:03:43] [35mhttp[39m: [35m::1 GET /swagger-ui.css 200 - 854.843 ms[39m
[18 Nov, 2024 - 16:04:03:43] [35mhttp[39m: [35m::1 GET /swagger-ui-standalone-preset.js 200 - 1027.382 ms[39m
[18 Nov, 2024 - 16:04:03:43] [35mhttp[39m: [35m::1 GET /swagger-ui-bundle.js 200 - 1230.013 ms[39m
[18 Nov, 2024 - 16:04:09:49] [35mhttp[39m: [35m::1 GET /favicon-32x32.png 200 - 5.688 ms[39m
[18 Nov, 2024 - 16:22:34:2234] [31merror[39m: [31m78200000:error:0A000438:SSL routines:ssl3_read_bytes:tlsv1 alert internal error:c:\ws\deps\openssl\openssl\ssl\record\rec_layer_s3.c:1605:SSL alert number 80[39m
[31m[39m
[18 Nov, 2024 - 16:22:34:2234] [35mhttp[39m: [35m::1 POST /api/v1/users/login 500 - 30404.432 ms[39m
[18 Nov, 2024 - 16:27:42:2742] [31merror[39m: [31mMongoDB connection error:  Could not connect to any servers in your MongoDB Atlas cluster. One common reason is that you're trying to access the database from an IP that isn't whitelisted. Make sure your current IP address is on your Atlas cluster's IP whitelist: https://www.mongodb.com/docs/atlas/security-whitelist/[39m
[18 Nov, 2024 - 16:29:46:2946] [31merror[39m: [31mMongoDB connection error:  Could not connect to any servers in your MongoDB Atlas cluster. One common reason is that you're trying to access the database from an IP that isn't whitelisted. Make sure your current IP address is on your Atlas cluster's IP whitelist: https://www.mongodb.com/docs/atlas/security-whitelist/[39m
[18 Nov, 2024 - 16:46:08:468] [31merror[39m: [31mMongoDB connection error:  Could not connect to any servers in your MongoDB Atlas cluster. One common reason is that you're trying to access the database from an IP that isn't whitelisted. Make sure your current IP address is on your Atlas cluster's IP whitelist: https://www.mongodb.com/docs/atlas/security-whitelist/[39m
[18 Nov, 2024 - 17:10:43:1043] [31merror[39m: [31mMongoDB connection error:  Could not connect to any servers in your MongoDB Atlas cluster. One common reason is that you're trying to access the database from an IP that isn't whitelisted. Make sure your current IP address is on your Atlas cluster's IP whitelist: https://www.mongodb.com/docs/atlas/security-whitelist/[39m
[18 Nov, 2024 - 17:14:14:1414] [31merror[39m: [31mMongoDB connection error:  Could not connect to any servers in your MongoDB Atlas cluster. One common reason is that you're trying to access the database from an IP that isn't whitelisted. Make sure your current IP address is on your Atlas cluster's IP whitelist: https://www.mongodb.com/docs/atlas/security-whitelist/[39m
[18 Nov, 2024 - 17:34:46:3446] [31merror[39m: [31mMongoDB connection error:  bad auth : authentication failed[39m
[18 Nov, 2024 - 17:40:27:4027] [31merror[39m: [31mMongoDB connection error:  bad auth : authentication failed[39m
[18 Nov, 2024 - 19:29:14:2914] [34minfo[39m: [34m[39m
[34m☘️  MongoDB Connected! Db host: cluster0-shard-00-01.6rll8.mongodb.net[39m
[34m[39m
[18 Nov, 2024 - 19:29:14:2914] [34minfo[39m: [34m📑 Visit the documentation at: http://localhost:8080[39m
[18 Nov, 2024 - 19:29:14:2914] [34minfo[39m: [34m⚙️  Server is running on port: 8080[39m
[18 Nov, 2024 - 19:29:45:2945] [31merror[39m: [31mUser does not exist[39m
[18 Nov, 2024 - 19:29:45:2945] [35mhttp[39m: [35m::1 POST /api/v1/users/login 404 - 81.508 ms[39m
[18 Nov, 2024 - 19:30:05:305] [31merror[39m: [31mUser does not exist[39m
[18 Nov, 2024 - 19:30:05:305] [35mhttp[39m: [35m::1 POST /api/v1/users/login 404 - 48.840 ms[39m
[18 Nov, 2024 - 19:30:39:3039] [31merror[39m: [31mUser does not exist[39m
[18 Nov, 2024 - 19:30:39:3039] [35mhttp[39m: [35m::1 POST /api/v1/users/login 404 - 49.559 ms[39m
[18 Nov, 2024 - 19:31:32:3132] [31merror[39m: [31mEmail service failed silently. Make sure you have provided your MAILTRAP credentials in the .env file[39m
[18 Nov, 2024 - 19:31:32:3132] [31merror[39m: [31mError:  getaddrinfo ENOTFOUND __mailtrap_smtp_host__[39m
[18 Nov, 2024 - 19:31:33:3133] [35mhttp[39m: [35m::1 POST /api/v1/users/register 201 - 2823.003 ms[39m
[18 Nov, 2024 - 19:31:58:3158] [35mhttp[39m: [35m::1 POST /api/v1/users/login 200 - 464.265 ms[39m
[18 Nov, 2024 - 19:31:58:3158] [35mhttp[39m: [35m::1 GET /api/v1/chat-app/chats 304 - 278.689 ms[39m
[18 Nov, 2024 - 19:31:58:3158] [35mhttp[39m: [35m::1 GET /api/v1/chat-app/chats 304 - 163.677 ms[39m
[18 Nov, 2024 - 19:32:19:3219] [35mhttp[39m: [35m::1 GET /api/v1/chat-app/chats 304 - 114.652 ms[39m
[18 Nov, 2024 - 19:32:19:3219] [35mhttp[39m: [35m::1 GET /api/v1/chat-app/chats 304 - 114.583 ms[39m
[18 Nov, 2024 - 19:32:41:3241] [35mhttp[39m: [35m::1 GET /api/v1/chat-app/chats/users 200 - 96.866 ms[39m
[18 Nov, 2024 - 19:34:12:3412] [31merror[39m: [31mReceived data is not valid[39m
[18 Nov, 2024 - 19:34:12:3412] [35mhttp[39m: [35m::1 POST /api/v1/users/register 422 - 31.242 ms[39m
[18 Nov, 2024 - 19:34:45:3445] [31merror[39m: [31mEmail service failed silently. Make sure you have provided your MAILTRAP credentials in the .env file[39m
[18 Nov, 2024 - 19:34:45:3445] [31merror[39m: [31mError:  getaddrinfo ENOTFOUND __mailtrap_smtp_host__[39m
[18 Nov, 2024 - 19:34:45:3445] [35mhttp[39m: [35m::1 POST /api/v1/users/register 201 - 1959.543 ms[39m
[18 Nov, 2024 - 19:35:03:353] [35mhttp[39m: [35m::1 POST /api/v1/users/login 200 - 1587.858 ms[39m
[18 Nov, 2024 - 19:35:03:353] [35mhttp[39m: [35m::1 GET /api/v1/chat-app/chats 200 - 497.106 ms[39m
[18 Nov, 2024 - 19:35:03:353] [35mhttp[39m: [35m::1 GET /api/v1/chat-app/chats 304 - 145.642 ms[39m
[18 Nov, 2024 - 19:35:06:356] [35mhttp[39m: [35m::1 GET /api/v1/chat-app/chats/users 200 - 117.227 ms[39m
[18 Nov, 2024 - 19:35:12:3512] [35mhttp[39m: [35m::1 POST /api/v1/chat-app/chats/c/673b9612d331f749380790a1 201 - 362.142 ms[39m
[18 Nov, 2024 - 19:35:12:3512] [35mhttp[39m: [35m::1 GET /api/v1/chat-app/chats 200 - 109.704 ms[39m
[18 Nov, 2024 - 19:35:51:3551] [35mhttp[39m: [35m::1 GET /api/v1/chat-app/messages/673b96f0d331f74938079108 200 - 162.957 ms[39m
[18 Nov, 2024 - 19:36:01:361] [31merror[39m: [31mError filtering content[39m
[18 Nov, 2024 - 19:36:01:361] [35mhttp[39m: [35m::1 POST /api/v1/chat-app/messages/673b96f0d331f74938079108 500 - 1236.579 ms[39m
[18 Nov, 2024 - 19:51:43:5143] [35mhttp[39m: [35m::1 POST /api/v1/chat-app/messages/673b96f0d331f74938079108 201 - 1281.429 ms[39m
[18 Nov, 2024 - 19:51:52:5152] [35mhttp[39m: [35m::1 GET /api/v1/chat-app/messages/673b96f0d331f74938079108 200 - 285.675 ms[39m
[18 Nov, 2024 - 19:52:13:5213] [35mhttp[39m: [35m::1 POST /api/v1/chat-app/messages/673b96f0d331f74938079108 201 - 708.181 ms[39m
[18 Nov, 2024 - 19:52:49:5249] [35mhttp[39m: [35m::1 POST /api/v1/chat-app/messages/673b96f0d331f74938079108 201 - 1048.349 ms[39m
[18 Nov, 2024 - 23:20:46:2046] [34minfo[39m: [34m[39m
[34m☘️  MongoDB Connected! Db host: cluster0-shard-00-00.6rll8.mongodb.net[39m
[34m[39m
[18 Nov, 2024 - 23:20:46:2046] [34minfo[39m: [34m📑 Visit the documentation at: http://localhost:8080[39m
[18 Nov, 2024 - 23:20:46:2046] [34minfo[39m: [34m⚙️  Server is running on port: 8080[39m
[18 Nov, 2024 - 23:25:13:2513] [34minfo[39m: [34m[39m
[34m☘️  MongoDB Connected! Db host: cluster0-shard-00-00.6rll8.mongodb.net[39m
[34m[39m
[18 Nov, 2024 - 23:25:13:2513] [34minfo[39m: [34m📑 Visit the documentation at: http://localhost:8080[39m
[18 Nov, 2024 - 23:25:13:2513] [34minfo[39m: [34m⚙️  Server is running on port: 8080[39m
[18 Nov, 2024 - 23:25:20:2520] [31merror[39m: [31mjwt expired[39m
[18 Nov, 2024 - 23:25:20:2520] [31merror[39m: [31mjwt expired[39m
[18 Nov, 2024 - 23:25:20:2520] [35mhttp[39m: [35m::1 GET /api/v1/chat-app/chats 401 - 39.832 ms[39m
[18 Nov, 2024 - 23:25:20:2520] [35mhttp[39m: [35m::1 GET /api/v1/chat-app/messages/673b96f0d331f74938079108 401 - 7.891 ms[39m
[18 Nov, 2024 - 23:25:20:2520] [31merror[39m: [31mjwt expired[39m
[18 Nov, 2024 - 23:25:20:2520] [35mhttp[39m: [35m::1 GET /api/v1/chat-app/chats 401 - 6.004 ms[39m
[18 Nov, 2024 - 23:25:20:2520] [31merror[39m: [31mjwt expired[39m
[18 Nov, 2024 - 23:25:20:2520] [35mhttp[39m: [35m::1 GET /api/v1/chat-app/messages/673b96f0d331f74938079108 401 - 10.043 ms[39m
[18 Nov, 2024 - 23:25:37:2537] [35mhttp[39m: [35m::1 POST /api/v1/users/login 200 - 510.719 ms[39m
[18 Nov, 2024 - 23:25:38:2538] [35mhttp[39m: [35m::1 GET /api/v1/chat-app/chats 200 - 219.411 ms[39m
[18 Nov, 2024 - 23:25:38:2538] [35mhttp[39m: [35m::1 GET /api/v1/chat-app/chats 304 - 263.725 ms[39m
[18 Nov, 2024 - 23:25:48:2548] [35mhttp[39m: [35m::1 GET /api/v1/chat-app/chats 304 - 115.421 ms[39m
[18 Nov, 2024 - 23:25:48:2548] [35mhttp[39m: [35m::1 GET /api/v1/chat-app/chats 304 - 109.555 ms[39m
[18 Nov, 2024 - 23:25:52:2552] [35mhttp[39m: [35m::1 GET /api/v1/chat-app/messages/673b96f0d331f74938079108 200 - 213.586 ms[39m
[18 Nov, 2024 - 23:26:05:265] [35mhttp[39m: [35m::1 POST /api/v1/chat-app/messages/673b96f0d331f74938079108 201 - 1607.133 ms[39m
[18 Nov, 2024 - 23:26:17:2617] [35mhttp[39m: [35m::1 GET /api/v1/chat-app/messages/673b96f0d331f74938079108 200 - 213.966 ms[39m
[18 Nov, 2024 - 23:26:42:2642] [35mhttp[39m: [35m::1 POST /api/v1/chat-app/messages/673b96f0d331f74938079108 201 - 698.405 ms[39m
[18 Nov, 2024 - 23:28:31:2831] [35mhttp[39m: [35m::1 POST /api/v1/users/login 200 - 839.359 ms[39m
[18 Nov, 2024 - 23:28:32:2832] [35mhttp[39m: [35m::1 GET /api/v1/chat-app/chats 200 - 116.798 ms[39m
[18 Nov, 2024 - 23:28:32:2832] [35mhttp[39m: [35m::1 GET /api/v1/chat-app/chats 304 - 367.442 ms[39m
[18 Nov, 2024 - 23:28:34:2834] [35mhttp[39m: [35m::1 GET /api/v1/chat-app/messages/673b96f0d331f74938079108 200 - 247.471 ms[39m
[18 Nov, 2024 - 23:28:56:2856] [35mhttp[39m: [35m::1 POST /api/v1/chat-app/messages/673b96f0d331f74938079108 201 - 993.511 ms[39m
[18 Nov, 2024 - 23:29:05:295] [35mhttp[39m: [35m::1 POST /api/v1/chat-app/messages/673b96f0d331f74938079108 201 - 938.344 ms[39m
[18 Nov, 2024 - 23:29:59:2959] [35mhttp[39m: [35m::1 POST /api/v1/chat-app/messages/673b96f0d331f74938079108 201 - 642.255 ms[39m
[18 Nov, 2024 - 23:30:25:3025] [35mhttp[39m: [35m::1 DELETE /api/v1/chat-app/chats/remove/673b96f0d331f74938079108 200 - 262.864 ms[39m
[18 Nov, 2024 - 23:30:27:3027] [35mhttp[39m: [35m::1 GET /api/v1/chat-app/chats/users 200 - 85.214 ms[39m
[18 Nov, 2024 - 23:30:33:3033] [35mhttp[39m: [35m::1 POST /api/v1/chat-app/chats/c/673b96d4d331f749380790d8 201 - 1205.196 ms[39m
[18 Nov, 2024 - 23:30:34:3034] [35mhttp[39m: [35m::1 GET /api/v1/chat-app/chats 200 - 594.756 ms[39m
[18 Nov, 2024 - 23:30:40:3040] [35mhttp[39m: [35m::1 GET /api/v1/chat-app/messages/673bce19caea04f78f78aa05 200 - 556.318 ms[39m
[18 Nov, 2024 - 23:30:52:3052] [35mhttp[39m: [35m::1 POST /api/v1/chat-app/messages/673bce19caea04f78f78aa05 201 - 661.685 ms[39m
[18 Nov, 2024 - 23:31:14:3114] [31merror[39m: [31mChat does not exist[39m
[18 Nov, 2024 - 23:31:14:3114] [35mhttp[39m: [35m::1 DELETE /api/v1/chat-app/chats/remove/673b96f0d331f74938079108 404 - 109.528 ms[39m
[18 Nov, 2024 - 23:31:40:3140] [35mhttp[39m: [35m::1 DELETE /api/v1/chat-app/chats/remove/673bce19caea04f78f78aa05 200 - 399.396 ms[39m
[18 Nov, 2024 - 23:31:48:3148] [31merror[39m: [31mChat does not exist[39m
[18 Nov, 2024 - 23:31:48:3148] [35mhttp[39m: [35m::1 DELETE /api/v1/chat-app/chats/remove/673b96f0d331f74938079108 404 - 109.617 ms[39m
[18 Nov, 2024 - 23:32:00:320] [35mhttp[39m: [35m::1 POST /api/v1/users/logout 200 - 99.183 ms[39m
[18 Nov, 2024 - 23:32:17:3217] [35mhttp[39m: [35m::1 POST /api/v1/users/logout 200 - 102.504 ms[39m
[18 Nov, 2024 - 23:32:32:3232] [35mhttp[39m: [35m::1 POST /api/v1/users/login 200 - 639.581 ms[39m
[18 Nov, 2024 - 23:32:32:3232] [35mhttp[39m: [35m::1 GET /api/v1/chat-app/chats 200 - 168.329 ms[39m
[18 Nov, 2024 - 23:32:32:3232] [35mhttp[39m: [35m::1 GET /api/v1/chat-app/chats 304 - 117.935 ms[39m
[18 Nov, 2024 - 23:32:48:3248] [35mhttp[39m: [35m::1 POST /api/v1/users/login 200 - 419.648 ms[39m
[18 Nov, 2024 - 23:32:48:3248] [35mhttp[39m: [35m::1 GET /api/v1/chat-app/chats 200 - 105.724 ms[39m
[18 Nov, 2024 - 23:32:49:3249] [35mhttp[39m: [35m::1 GET /api/v1/chat-app/chats 304 - 110.024 ms[39m
[18 Nov, 2024 - 23:32:58:3258] [35mhttp[39m: [35m::1 GET /api/v1/chat-app/chats/users 304 - 88.495 ms[39m
[18 Nov, 2024 - 23:33:05:335] [35mhttp[39m: [35m::1 POST /api/v1/chat-app/chats/c/673b96d4d331f749380790d8 201 - 316.029 ms[39m
[18 Nov, 2024 - 23:33:05:335] [35mhttp[39m: [35m::1 GET /api/v1/chat-app/chats 200 - 130.710 ms[39m
[18 Nov, 2024 - 23:33:07:337] [35mhttp[39m: [35m::1 GET /api/v1/chat-app/messages/673bceb0caea04f78f78aa5c 200 - 132.618 ms[39m
[18 Nov, 2024 - 23:33:21:3321] [31merror[39m: [31mError filtering content[39m
[18 Nov, 2024 - 23:33:21:3321] [35mhttp[39m: [35m::1 POST /api/v1/chat-app/messages/673bceb0caea04f78f78aa5c 500 - 560.484 ms[39m
[18 Nov, 2024 - 23:33:27:3327] [31merror[39m: [31mError filtering content[39m
[18 Nov, 2024 - 23:33:27:3327] [35mhttp[39m: [35m::1 POST /api/v1/chat-app/messages/673bceb0caea04f78f78aa5c 500 - 391.690 ms[39m
[18 Nov, 2024 - 23:33:39:3339] [35mhttp[39m: [35m::1 POST /api/v1/chat-app/messages/673bceb0caea04f78f78aa5c 201 - 645.412 ms[39m
[18 Nov, 2024 - 23:33:45:3345] [35mhttp[39m: [35m::1 GET /api/v1/chat-app/messages/673bceb0caea04f78f78aa5c 200 - 133.892 ms[39m
[18 Nov, 2024 - 23:33:59:3359] [35mhttp[39m: [35m::1 POST /api/v1/chat-app/messages/673bceb0caea04f78f78aa5c 201 - 635.035 ms[39m
[18 Nov, 2024 - 23:34:12:3412] [35mhttp[39m: [35m::1 POST /api/v1/chat-app/messages/673bceb0caea04f78f78aa5c 201 - 623.022 ms[39m
[18 Nov, 2024 - 23:34:25:3425] [35mhttp[39m: [35m::1 POST /api/v1/chat-app/messages/673bceb0caea04f78f78aa5c 201 - 595.451 ms[39m
